2024-10-20 12:27:44,969 [Worker-3: Loading available Gradle versions] INFO  o.e.b.c.i.u.g.PublishedGradleVersions - Gradle version information cache is not available. Remote download required.
2024-10-20 12:42:29,120 [Worker-11: Import Getting Started Content] INFO  o.e.m.c.i.l.LifecycleMappingFactory - Using org.eclipse.m2e.jdt.JarLifecycleMapping lifecycle mapping for MavenProject: com.app:Servicio_rest_Alumno:0.0.1-SNAPSHOT @ C:\WS_AppMovil_Alumno\Servicio_rest_Alumno\pom.xml.
2024-10-20 12:42:32,507 [Worker-11: Import Getting Started Content] INFO  o.e.m.j.i.AbstractJavaProjectConfigurator - Adding source folder /Servicio_rest_Alumno/src/main/java
2024-10-20 12:42:32,510 [Worker-11: Import Getting Started Content] INFO  o.e.m.j.i.AbstractJavaProjectConfigurator - Adding resource folder /Servicio_rest_Alumno/src/main/resources
2024-10-20 12:42:32,530 [Worker-11: Import Getting Started Content] INFO  o.e.m.j.i.AbstractJavaProjectConfigurator - Adding resource folder /Servicio_rest_Alumno/src/main/resources
2024-10-20 12:42:32,543 [Worker-11: Import Getting Started Content] INFO  o.e.m.j.i.AbstractJavaProjectConfigurator - Adding source folder /Servicio_rest_Alumno/src/test/java
2024-10-20 12:42:32,544 [Worker-11: Import Getting Started Content] INFO  o.e.m.j.i.AbstractJavaProjectConfigurator - Adding resource folder /Servicio_rest_Alumno/src/test/resources
2024-10-20 12:42:33,426 [Worker-11: Import Getting Started Content] INFO  o.e.m.c.i.p.ProjectConfigurationManager - Imported and configured 1 project(s) in 10 sec
2024-10-20 12:42:33,429 [Worker-11: Import Getting Started Content] INFO  o.e.m.c.i.p.ProjectConfigurationManager - Update started
2024-10-20 12:42:34,069 [Worker-11: Import Getting Started Content] INFO  o.e.m.c.i.l.LifecycleMappingFactory - Using org.eclipse.m2e.jdt.JarLifecycleMapping lifecycle mapping for MavenProject: com.app:Servicio_rest_Alumno:0.0.1-SNAPSHOT @ C:\WS_AppMovil_Alumno\Servicio_rest_Alumno\pom.xml.
2024-10-20 12:42:34,753 [Worker-11: Import Getting Started Content] INFO  o.e.m.j.i.AbstractJavaProjectConfigurator - Adding source folder /Servicio_rest_Alumno/src/main/java
2024-10-20 12:42:34,754 [Worker-11: Import Getting Started Content] INFO  o.e.m.j.i.AbstractJavaProjectConfigurator - Adding resource folder /Servicio_rest_Alumno/src/main/resources
2024-10-20 12:42:34,755 [Worker-11: Import Getting Started Content] INFO  o.e.m.j.i.AbstractJavaProjectConfigurator - Adding resource folder /Servicio_rest_Alumno/src/main/resources
2024-10-20 12:42:34,756 [Worker-11: Import Getting Started Content] INFO  o.e.m.j.i.AbstractJavaProjectConfigurator - Adding source folder /Servicio_rest_Alumno/src/test/java
2024-10-20 12:42:34,757 [Worker-11: Import Getting Started Content] INFO  o.e.m.j.i.AbstractJavaProjectConfigurator - Adding resource folder /Servicio_rest_Alumno/src/test/resources
2024-10-20 12:42:35,509 [Worker-11: Import Getting Started Content] INFO  o.e.m.c.i.p.ProjectConfigurationManager - Update completed for 1 poms: local refresh takes 0,00 sec, refresh facades takes 1,00 sec, update config takes 0,00 sec 
2024-10-20 12:42:37,724 [Worker-14: Building] INFO  o.a.m.s.f.DefaultMavenResourcesFiltering - Copying 1 resource from src\main\resources to target\classes
2024-10-20 12:42:37,743 [Worker-14: Building] INFO  o.a.m.s.f.DefaultMavenResourcesFiltering - Copying 0 resource from src\main\resources to target\classes
2024-10-20 12:42:37,748 [Worker-14: Building] INFO  o.a.m.s.f.DefaultMavenResourcesFiltering - skip non existing resourceDirectory C:\WS_AppMovil_Alumno\Servicio_rest_Alumno\src\test\resources
2024-10-20 12:44:16,984 [Worker-19: Import Getting Started Content] INFO  o.e.m.c.i.l.LifecycleMappingFactory - Using org.eclipse.m2e.jdt.JarLifecycleMapping lifecycle mapping for MavenProject: com.app:Servicio_rest_Alumno:0.0.1-SNAPSHOT @ C:\WS_AppMovil_Alumno\Servicio_rest_Alumno\pom.xml.
2024-10-20 12:44:18,920 [Worker-19: Import Getting Started Content] INFO  o.e.m.j.i.AbstractJavaProjectConfigurator - Adding source folder /Servicio_rest_Alumno/src/main/java
2024-10-20 12:44:18,921 [Worker-19: Import Getting Started Content] INFO  o.e.m.j.i.AbstractJavaProjectConfigurator - Adding resource folder /Servicio_rest_Alumno/src/main/resources
2024-10-20 12:44:18,926 [Worker-19: Import Getting Started Content] INFO  o.e.m.j.i.AbstractJavaProjectConfigurator - Adding resource folder /Servicio_rest_Alumno/src/main/resources
2024-10-20 12:44:18,930 [Worker-19: Import Getting Started Content] INFO  o.e.m.j.i.AbstractJavaProjectConfigurator - Adding source folder /Servicio_rest_Alumno/src/test/java
2024-10-20 12:44:18,931 [Worker-19: Import Getting Started Content] INFO  o.e.m.j.i.AbstractJavaProjectConfigurator - Adding resource folder /Servicio_rest_Alumno/src/test/resources
2024-10-20 12:44:19,482 [Worker-19: Import Getting Started Content] INFO  o.e.m.c.i.p.ProjectConfigurationManager - Imported and configured 1 project(s) in 3 sec
2024-10-20 12:44:19,484 [Worker-19: Import Getting Started Content] INFO  o.e.m.c.i.p.ProjectConfigurationManager - Update started
2024-10-20 12:44:20,099 [Worker-19: Import Getting Started Content] INFO  o.e.m.c.i.l.LifecycleMappingFactory - Using org.eclipse.m2e.jdt.JarLifecycleMapping lifecycle mapping for MavenProject: com.app:Servicio_rest_Alumno:0.0.1-SNAPSHOT @ C:\WS_AppMovil_Alumno\Servicio_rest_Alumno\pom.xml.
2024-10-20 12:44:21,066 [Worker-19: Import Getting Started Content] INFO  o.e.m.j.i.AbstractJavaProjectConfigurator - Adding source folder /Servicio_rest_Alumno/src/main/java
2024-10-20 12:44:21,068 [Worker-19: Import Getting Started Content] INFO  o.e.m.j.i.AbstractJavaProjectConfigurator - Adding resource folder /Servicio_rest_Alumno/src/main/resources
2024-10-20 12:44:21,069 [Worker-19: Import Getting Started Content] INFO  o.e.m.j.i.AbstractJavaProjectConfigurator - Adding resource folder /Servicio_rest_Alumno/src/main/resources
2024-10-20 12:44:21,070 [Worker-19: Import Getting Started Content] INFO  o.e.m.j.i.AbstractJavaProjectConfigurator - Adding source folder /Servicio_rest_Alumno/src/test/java
2024-10-20 12:44:21,071 [Worker-19: Import Getting Started Content] INFO  o.e.m.j.i.AbstractJavaProjectConfigurator - Adding resource folder /Servicio_rest_Alumno/src/test/resources
2024-10-20 12:44:21,805 [Worker-19: Import Getting Started Content] INFO  o.e.m.c.i.p.ProjectConfigurationManager - Update completed for 1 poms: local refresh takes 0,00 sec, refresh facades takes 1,00 sec, update config takes 0,00 sec 
2024-10-20 12:44:22,774 [Worker-18: Building] INFO  o.a.m.s.f.DefaultMavenResourcesFiltering - Copying 1 resource from src\main\resources to target\classes
2024-10-20 12:44:22,794 [Worker-18: Building] INFO  o.a.m.s.f.DefaultMavenResourcesFiltering - Copying 0 resource from src\main\resources to target\classes
2024-10-20 12:44:22,806 [Worker-18: Building] INFO  o.a.m.s.f.DefaultMavenResourcesFiltering - skip non existing resourceDirectory C:\WS_AppMovil_Alumno\Servicio_rest_Alumno\src\test\resources
2024-10-20 12:56:19,629 [Worker-17: Building] INFO  o.a.m.s.f.DefaultMavenResourcesFiltering - Copying 1 resource from src\main\resources to target\classes
2024-10-20 12:56:19,645 [Worker-17: Building] INFO  o.a.m.s.f.DefaultMavenResourcesFiltering - Copying 0 resource from src\main\resources to target\classes
2024-10-20 12:56:19,650 [Worker-17: Building] INFO  o.a.m.s.f.DefaultMavenResourcesFiltering - skip non existing resourceDirectory C:\WS_AppMovil_Alumno\Servicio_rest_Alumno\src\test\resources
2024-10-20 12:56:34,055 [Worker-24: Building] INFO  o.a.m.s.f.DefaultMavenResourcesFiltering - Copying 1 resource from src\main\resources to target\classes
2024-10-20 12:56:34,065 [Worker-24: Building] INFO  o.a.m.s.f.DefaultMavenResourcesFiltering - Copying 0 resource from src\main\resources to target\classes
2024-10-20 12:56:34,071 [Worker-24: Building] INFO  o.a.m.s.f.DefaultMavenResourcesFiltering - skip non existing resourceDirectory C:\WS_AppMovil_Alumno\Servicio_rest_Alumno\src\test\resources
2024-10-20 12:57:02,079 [Worker-24: Building] INFO  o.a.m.s.f.DefaultMavenResourcesFiltering - Copying 1 resource from src\main\resources to target\classes
2024-10-20 12:57:02,088 [Worker-24: Building] INFO  o.a.m.s.f.DefaultMavenResourcesFiltering - Copying 0 resource from src\main\resources to target\classes
2024-10-20 12:57:02,092 [Worker-24: Building] INFO  o.a.m.s.f.DefaultMavenResourcesFiltering - skip non existing resourceDirectory C:\WS_AppMovil_Alumno\Servicio_rest_Alumno\src\test\resources
2024-10-20 12:57:16,627 [Worker-17: Building] INFO  o.a.m.s.f.DefaultMavenResourcesFiltering - Copying 1 resource from src\main\resources to target\classes
2024-10-20 12:57:16,635 [Worker-17: Building] INFO  o.a.m.s.f.DefaultMavenResourcesFiltering - Copying 0 resource from src\main\resources to target\classes
2024-10-20 12:57:16,640 [Worker-17: Building] INFO  o.a.m.s.f.DefaultMavenResourcesFiltering - skip non existing resourceDirectory C:\WS_AppMovil_Alumno\Servicio_rest_Alumno\src\test\resources
2024-10-20 12:57:46,846 [Worker-24: Building] INFO  o.a.m.s.f.DefaultMavenResourcesFiltering - Copying 1 resource from src\main\resources to target\classes
2024-10-20 12:57:46,853 [Worker-24: Building] INFO  o.a.m.s.f.DefaultMavenResourcesFiltering - Copying 0 resource from src\main\resources to target\classes
2024-10-20 12:57:46,856 [Worker-24: Building] INFO  o.a.m.s.f.DefaultMavenResourcesFiltering - skip non existing resourceDirectory C:\WS_AppMovil_Alumno\Servicio_rest_Alumno\src\test\resources
2024-10-20 12:57:51,596 [Worker-25: Building] INFO  o.a.m.s.f.DefaultMavenResourcesFiltering - Copying 1 resource from src\main\resources to target\classes
2024-10-20 12:57:51,611 [Worker-25: Building] INFO  o.a.m.s.f.DefaultMavenResourcesFiltering - Copying 0 resource from src\main\resources to target\classes
2024-10-20 12:57:51,617 [Worker-25: Building] INFO  o.a.m.s.f.DefaultMavenResourcesFiltering - skip non existing resourceDirectory C:\WS_AppMovil_Alumno\Servicio_rest_Alumno\src\test\resources
2024-10-20 12:59:34,136 [Worker-24: Building] INFO  o.a.m.s.f.DefaultMavenResourcesFiltering - Copying 1 resource from src\main\resources to target\classes
2024-10-20 12:59:34,145 [Worker-24: Building] INFO  o.a.m.s.f.DefaultMavenResourcesFiltering - Copying 0 resource from src\main\resources to target\classes
2024-10-20 12:59:34,168 [Worker-24: Building] INFO  o.a.m.s.f.DefaultMavenResourcesFiltering - skip non existing resourceDirectory C:\WS_AppMovil_Alumno\Servicio_rest_Alumno\src\test\resources
2024-10-20 20:29:52,866 [Worker-0: Loading available Gradle versions] INFO  o.e.b.c.i.u.g.PublishedGradleVersions - Gradle version information cache is up-to-date. Trying to read.
2024-10-23 10:10:43,060 [Worker-0: Loading available Gradle versions] INFO  o.e.b.c.i.u.g.PublishedGradleVersions - Gradle version information cache is out-of-date. Trying to update.
2024-10-23 12:44:23,708 [Worker-29: Building] INFO  o.a.m.s.f.DefaultMavenResourcesFiltering - Copying 1 resource from src\main\resources to target\classes
2024-10-23 12:44:23,788 [Worker-29: Building] INFO  o.a.m.s.f.DefaultMavenResourcesFiltering - Copying 0 resource from src\main\resources to target\classes
2024-10-23 12:44:23,798 [Worker-29: Building] INFO  o.a.m.s.f.DefaultMavenResourcesFiltering - skip non existing resourceDirectory C:\WS_AppMovil_Alumno\Servicio_rest_Alumno\src\test\resources
2024-10-23 12:58:28,545 [Worker-33: Launching Executing clean in C__WS_AppMovil_Alumno_Servicio_rest_Alumno] INFO  o.eclipse.m2e.core.internal.Bundles - getClasspathEntries(Bundle=org.eclipse.m2e.maven.runtime_3.9.900.20240824-1409 [359])
2024-10-23 12:58:28,550 [Worker-33: Launching Executing clean in C__WS_AppMovil_Alumno_Servicio_rest_Alumno] INFO  o.eclipse.m2e.core.internal.Bundles - 	Entry: C:\Users\PC\Downloads\sts-4.25.0.RELEASE\plugins\org.eclipse.m2e.maven.runtime_3.9.900.20240824-1409
2024-10-23 12:58:28,551 [Worker-33: Launching Executing clean in C__WS_AppMovil_Alumno_Servicio_rest_Alumno] INFO  o.eclipse.m2e.core.internal.Bundles - 	Entry: C:\Users\PC\Downloads\sts-4.25.0.RELEASE\plugins\org.eclipse.m2e.maven.runtime_3.9.900.20240824-1409\jars\aopalliance-1.0.jar
2024-10-23 12:58:28,551 [Worker-33: Launching Executing clean in C__WS_AppMovil_Alumno_Servicio_rest_Alumno] INFO  o.eclipse.m2e.core.internal.Bundles - 	Entry: C:\Users\PC\Downloads\sts-4.25.0.RELEASE\plugins\org.eclipse.m2e.maven.runtime_3.9.900.20240824-1409\jars\guice-5.1.0.jar
2024-10-23 12:58:28,552 [Worker-33: Launching Executing clean in C__WS_AppMovil_Alumno_Servicio_rest_Alumno] INFO  o.eclipse.m2e.core.internal.Bundles - 	Entry: C:\Users\PC\Downloads\sts-4.25.0.RELEASE\plugins\org.eclipse.m2e.maven.runtime_3.9.900.20240824-1409\jars\httpclient-4.5.14.jar
2024-10-23 12:58:28,553 [Worker-33: Launching Executing clean in C__WS_AppMovil_Alumno_Servicio_rest_Alumno] INFO  o.eclipse.m2e.core.internal.Bundles - 	Entry: C:\Users\PC\Downloads\sts-4.25.0.RELEASE\plugins\org.eclipse.m2e.maven.runtime_3.9.900.20240824-1409\jars\httpcore-4.4.16.jar
2024-10-23 12:58:28,554 [Worker-33: Launching Executing clean in C__WS_AppMovil_Alumno_Servicio_rest_Alumno] INFO  o.eclipse.m2e.core.internal.Bundles - 	Entry: C:\Users\PC\Downloads\sts-4.25.0.RELEASE\plugins\org.eclipse.m2e.maven.runtime_3.9.900.20240824-1409\jars\jansi-2.4.1.jar
2024-10-23 12:58:28,554 [Worker-33: Launching Executing clean in C__WS_AppMovil_Alumno_Servicio_rest_Alumno] INFO  o.eclipse.m2e.core.internal.Bundles - 	Entry: C:\Users\PC\Downloads\sts-4.25.0.RELEASE\plugins\org.eclipse.m2e.maven.runtime_3.9.900.20240824-1409\jars\jcl-over-slf4j-1.7.36.jar
2024-10-23 12:58:28,555 [Worker-33: Launching Executing clean in C__WS_AppMovil_Alumno_Servicio_rest_Alumno] INFO  o.eclipse.m2e.core.internal.Bundles - 	Entry: C:\Users\PC\Downloads\sts-4.25.0.RELEASE\plugins\org.eclipse.m2e.maven.runtime_3.9.900.20240824-1409\jars\maven-artifact-3.9.9.jar
2024-10-23 12:58:28,557 [Worker-33: Launching Executing clean in C__WS_AppMovil_Alumno_Servicio_rest_Alumno] INFO  o.eclipse.m2e.core.internal.Bundles - 	Entry: C:\Users\PC\Downloads\sts-4.25.0.RELEASE\plugins\org.eclipse.m2e.maven.runtime_3.9.900.20240824-1409\jars\maven-builder-support-3.9.9.jar
2024-10-23 12:58:28,557 [Worker-33: Launching Executing clean in C__WS_AppMovil_Alumno_Servicio_rest_Alumno] INFO  o.eclipse.m2e.core.internal.Bundles - 	Entry: C:\Users\PC\Downloads\sts-4.25.0.RELEASE\plugins\org.eclipse.m2e.maven.runtime_3.9.900.20240824-1409\jars\maven-compat-3.9.9.jar
2024-10-23 12:58:28,558 [Worker-33: Launching Executing clean in C__WS_AppMovil_Alumno_Servicio_rest_Alumno] INFO  o.eclipse.m2e.core.internal.Bundles - 	Entry: C:\Users\PC\Downloads\sts-4.25.0.RELEASE\plugins\org.eclipse.m2e.maven.runtime_3.9.900.20240824-1409\jars\maven-core-3.9.9.jar
2024-10-23 12:58:28,558 [Worker-33: Launching Executing clean in C__WS_AppMovil_Alumno_Servicio_rest_Alumno] INFO  o.eclipse.m2e.core.internal.Bundles - 	Entry: C:\Users\PC\Downloads\sts-4.25.0.RELEASE\plugins\org.eclipse.m2e.maven.runtime_3.9.900.20240824-1409\jars\maven-embedder-3.9.9.jar
2024-10-23 12:58:28,558 [Worker-33: Launching Executing clean in C__WS_AppMovil_Alumno_Servicio_rest_Alumno] INFO  o.eclipse.m2e.core.internal.Bundles - 	Entry: C:\Users\PC\Downloads\sts-4.25.0.RELEASE\plugins\org.eclipse.m2e.maven.runtime_3.9.900.20240824-1409\jars\maven-model-3.9.9.jar
2024-10-23 12:58:28,559 [Worker-33: Launching Executing clean in C__WS_AppMovil_Alumno_Servicio_rest_Alumno] INFO  o.eclipse.m2e.core.internal.Bundles - 	Entry: C:\Users\PC\Downloads\sts-4.25.0.RELEASE\plugins\org.eclipse.m2e.maven.runtime_3.9.900.20240824-1409\jars\maven-model-builder-3.9.9.jar
2024-10-23 12:58:28,560 [Worker-33: Launching Executing clean in C__WS_AppMovil_Alumno_Servicio_rest_Alumno] INFO  o.eclipse.m2e.core.internal.Bundles - 	Entry: C:\Users\PC\Downloads\sts-4.25.0.RELEASE\plugins\org.eclipse.m2e.maven.runtime_3.9.900.20240824-1409\jars\maven-plugin-api-3.9.9.jar
2024-10-23 12:58:28,560 [Worker-33: Launching Executing clean in C__WS_AppMovil_Alumno_Servicio_rest_Alumno] INFO  o.eclipse.m2e.core.internal.Bundles - 	Entry: C:\Users\PC\Downloads\sts-4.25.0.RELEASE\plugins\org.eclipse.m2e.maven.runtime_3.9.900.20240824-1409\jars\maven-repository-metadata-3.9.9.jar
2024-10-23 12:58:28,560 [Worker-33: Launching Executing clean in C__WS_AppMovil_Alumno_Servicio_rest_Alumno] INFO  o.eclipse.m2e.core.internal.Bundles - 	Entry: C:\Users\PC\Downloads\sts-4.25.0.RELEASE\plugins\org.eclipse.m2e.maven.runtime_3.9.900.20240824-1409\jars\maven-resolver-api-1.9.22.jar
2024-10-23 12:58:28,561 [Worker-33: Launching Executing clean in C__WS_AppMovil_Alumno_Servicio_rest_Alumno] INFO  o.eclipse.m2e.core.internal.Bundles - 	Entry: C:\Users\PC\Downloads\sts-4.25.0.RELEASE\plugins\org.eclipse.m2e.maven.runtime_3.9.900.20240824-1409\jars\maven-resolver-connector-basic-1.9.22.jar
2024-10-23 12:58:28,561 [Worker-33: Launching Executing clean in C__WS_AppMovil_Alumno_Servicio_rest_Alumno] INFO  o.eclipse.m2e.core.internal.Bundles - 	Entry: C:\Users\PC\Downloads\sts-4.25.0.RELEASE\plugins\org.eclipse.m2e.maven.runtime_3.9.900.20240824-1409\jars\maven-resolver-impl-1.9.22.jar
2024-10-23 12:58:28,562 [Worker-33: Launching Executing clean in C__WS_AppMovil_Alumno_Servicio_rest_Alumno] INFO  o.eclipse.m2e.core.internal.Bundles - 	Entry: C:\Users\PC\Downloads\sts-4.25.0.RELEASE\plugins\org.eclipse.m2e.maven.runtime_3.9.900.20240824-1409\jars\maven-resolver-named-locks-1.9.22.jar
2024-10-23 12:58:28,562 [Worker-33: Launching Executing clean in C__WS_AppMovil_Alumno_Servicio_rest_Alumno] INFO  o.eclipse.m2e.core.internal.Bundles - 	Entry: C:\Users\PC\Downloads\sts-4.25.0.RELEASE\plugins\org.eclipse.m2e.maven.runtime_3.9.900.20240824-1409\jars\maven-resolver-provider-3.9.9.jar
2024-10-23 12:58:28,562 [Worker-33: Launching Executing clean in C__WS_AppMovil_Alumno_Servicio_rest_Alumno] INFO  o.eclipse.m2e.core.internal.Bundles - 	Entry: C:\Users\PC\Downloads\sts-4.25.0.RELEASE\plugins\org.eclipse.m2e.maven.runtime_3.9.900.20240824-1409\jars\maven-resolver-spi-1.9.22.jar
2024-10-23 12:58:28,563 [Worker-33: Launching Executing clean in C__WS_AppMovil_Alumno_Servicio_rest_Alumno] INFO  o.eclipse.m2e.core.internal.Bundles - 	Entry: C:\Users\PC\Downloads\sts-4.25.0.RELEASE\plugins\org.eclipse.m2e.maven.runtime_3.9.900.20240824-1409\jars\maven-resolver-transport-file-1.9.22.jar
2024-10-23 12:58:28,564 [Worker-33: Launching Executing clean in C__WS_AppMovil_Alumno_Servicio_rest_Alumno] INFO  o.eclipse.m2e.core.internal.Bundles - 	Entry: C:\Users\PC\Downloads\sts-4.25.0.RELEASE\plugins\org.eclipse.m2e.maven.runtime_3.9.900.20240824-1409\jars\maven-resolver-transport-http-1.9.22.jar
2024-10-23 12:58:28,565 [Worker-33: Launching Executing clean in C__WS_AppMovil_Alumno_Servicio_rest_Alumno] INFO  o.eclipse.m2e.core.internal.Bundles - 	Entry: C:\Users\PC\Downloads\sts-4.25.0.RELEASE\plugins\org.eclipse.m2e.maven.runtime_3.9.900.20240824-1409\jars\maven-resolver-transport-wagon-1.9.22.jar
2024-10-23 12:58:28,565 [Worker-33: Launching Executing clean in C__WS_AppMovil_Alumno_Servicio_rest_Alumno] INFO  o.eclipse.m2e.core.internal.Bundles - 	Entry: C:\Users\PC\Downloads\sts-4.25.0.RELEASE\plugins\org.eclipse.m2e.maven.runtime_3.9.900.20240824-1409\jars\maven-resolver-util-1.9.22.jar
2024-10-23 12:58:28,565 [Worker-33: Launching Executing clean in C__WS_AppMovil_Alumno_Servicio_rest_Alumno] INFO  o.eclipse.m2e.core.internal.Bundles - 	Entry: C:\Users\PC\Downloads\sts-4.25.0.RELEASE\plugins\org.eclipse.m2e.maven.runtime_3.9.900.20240824-1409\jars\maven-settings-3.9.9.jar
2024-10-23 12:58:28,566 [Worker-33: Launching Executing clean in C__WS_AppMovil_Alumno_Servicio_rest_Alumno] INFO  o.eclipse.m2e.core.internal.Bundles - 	Entry: C:\Users\PC\Downloads\sts-4.25.0.RELEASE\plugins\org.eclipse.m2e.maven.runtime_3.9.900.20240824-1409\jars\maven-settings-builder-3.9.9.jar
2024-10-23 12:58:28,566 [Worker-33: Launching Executing clean in C__WS_AppMovil_Alumno_Servicio_rest_Alumno] INFO  o.eclipse.m2e.core.internal.Bundles - 	Entry: C:\Users\PC\Downloads\sts-4.25.0.RELEASE\plugins\org.eclipse.m2e.maven.runtime_3.9.900.20240824-1409\jars\maven-shared-utils-3.4.2.jar
2024-10-23 12:58:28,566 [Worker-33: Launching Executing clean in C__WS_AppMovil_Alumno_Servicio_rest_Alumno] INFO  o.eclipse.m2e.core.internal.Bundles - 	Entry: C:\Users\PC\Downloads\sts-4.25.0.RELEASE\plugins\org.eclipse.m2e.maven.runtime_3.9.900.20240824-1409\jars\org.eclipse.sisu.inject-0.9.0.M3.jar
2024-10-23 12:58:28,567 [Worker-33: Launching Executing clean in C__WS_AppMovil_Alumno_Servicio_rest_Alumno] INFO  o.eclipse.m2e.core.internal.Bundles - 	Entry: C:\Users\PC\Downloads\sts-4.25.0.RELEASE\plugins\org.eclipse.m2e.maven.runtime_3.9.900.20240824-1409\jars\org.eclipse.sisu.plexus-0.9.0.M3.jar
2024-10-23 12:58:28,567 [Worker-33: Launching Executing clean in C__WS_AppMovil_Alumno_Servicio_rest_Alumno] INFO  o.eclipse.m2e.core.internal.Bundles - 	Entry: C:\Users\PC\Downloads\sts-4.25.0.RELEASE\plugins\org.eclipse.m2e.maven.runtime_3.9.900.20240824-1409\jars\plexus-build-api-0.0.7.jar
2024-10-23 12:58:28,567 [Worker-33: Launching Executing clean in C__WS_AppMovil_Alumno_Servicio_rest_Alumno] INFO  o.eclipse.m2e.core.internal.Bundles - 	Entry: C:\Users\PC\Downloads\sts-4.25.0.RELEASE\plugins\org.eclipse.m2e.maven.runtime_3.9.900.20240824-1409\jars\plexus-build-api-1.2.0.jar
2024-10-23 12:58:28,568 [Worker-33: Launching Executing clean in C__WS_AppMovil_Alumno_Servicio_rest_Alumno] INFO  o.eclipse.m2e.core.internal.Bundles - 	Entry: C:\Users\PC\Downloads\sts-4.25.0.RELEASE\plugins\org.eclipse.m2e.maven.runtime_3.9.900.20240824-1409\jars\plexus-cipher-2.0.jar
2024-10-23 12:58:28,568 [Worker-33: Launching Executing clean in C__WS_AppMovil_Alumno_Servicio_rest_Alumno] INFO  o.eclipse.m2e.core.internal.Bundles - 	Entry: C:\Users\PC\Downloads\sts-4.25.0.RELEASE\plugins\org.eclipse.m2e.maven.runtime_3.9.900.20240824-1409\jars\plexus-classworlds-2.8.0.jar
2024-10-23 12:58:28,568 [Worker-33: Launching Executing clean in C__WS_AppMovil_Alumno_Servicio_rest_Alumno] INFO  o.eclipse.m2e.core.internal.Bundles - 	Entry: C:\Users\PC\Downloads\sts-4.25.0.RELEASE\plugins\org.eclipse.m2e.maven.runtime_3.9.900.20240824-1409\jars\plexus-component-annotations-2.1.0.jar
2024-10-23 12:58:28,569 [Worker-33: Launching Executing clean in C__WS_AppMovil_Alumno_Servicio_rest_Alumno] INFO  o.eclipse.m2e.core.internal.Bundles - 	Entry: C:\Users\PC\Downloads\sts-4.25.0.RELEASE\plugins\org.eclipse.m2e.maven.runtime_3.9.900.20240824-1409\jars\plexus-interpolation-1.27.jar
2024-10-23 12:58:28,569 [Worker-33: Launching Executing clean in C__WS_AppMovil_Alumno_Servicio_rest_Alumno] INFO  o.eclipse.m2e.core.internal.Bundles - 	Entry: C:\Users\PC\Downloads\sts-4.25.0.RELEASE\plugins\org.eclipse.m2e.maven.runtime_3.9.900.20240824-1409\jars\plexus-sec-dispatcher-2.0.jar
2024-10-23 12:58:28,570 [Worker-33: Launching Executing clean in C__WS_AppMovil_Alumno_Servicio_rest_Alumno] INFO  o.eclipse.m2e.core.internal.Bundles - 	Entry: C:\Users\PC\Downloads\sts-4.25.0.RELEASE\plugins\org.eclipse.m2e.maven.runtime_3.9.900.20240824-1409\jars\plexus-utils-3.5.1.jar
2024-10-23 12:58:28,570 [Worker-33: Launching Executing clean in C__WS_AppMovil_Alumno_Servicio_rest_Alumno] INFO  o.eclipse.m2e.core.internal.Bundles - 	Entry: C:\Users\PC\Downloads\sts-4.25.0.RELEASE\plugins\org.eclipse.m2e.maven.runtime_3.9.900.20240824-1409\jars\plexus-xml-3.0.1.jar
2024-10-23 12:58:28,570 [Worker-33: Launching Executing clean in C__WS_AppMovil_Alumno_Servicio_rest_Alumno] INFO  o.eclipse.m2e.core.internal.Bundles - 	Entry: C:\Users\PC\Downloads\sts-4.25.0.RELEASE\plugins\org.eclipse.m2e.maven.runtime_3.9.900.20240824-1409\jars\wagon-file-3.5.3.jar
2024-10-23 12:58:28,571 [Worker-33: Launching Executing clean in C__WS_AppMovil_Alumno_Servicio_rest_Alumno] INFO  o.eclipse.m2e.core.internal.Bundles - 	Entry: C:\Users\PC\Downloads\sts-4.25.0.RELEASE\plugins\org.eclipse.m2e.maven.runtime_3.9.900.20240824-1409\jars\wagon-http-3.5.3.jar
2024-10-23 12:58:28,571 [Worker-33: Launching Executing clean in C__WS_AppMovil_Alumno_Servicio_rest_Alumno] INFO  o.eclipse.m2e.core.internal.Bundles - 	Entry: C:\Users\PC\Downloads\sts-4.25.0.RELEASE\plugins\org.eclipse.m2e.maven.runtime_3.9.900.20240824-1409\jars\wagon-http-shared-3.5.3.jar
2024-10-23 12:58:28,572 [Worker-33: Launching Executing clean in C__WS_AppMovil_Alumno_Servicio_rest_Alumno] INFO  o.eclipse.m2e.core.internal.Bundles - 	Entry: C:\Users\PC\Downloads\sts-4.25.0.RELEASE\plugins\org.eclipse.m2e.maven.runtime_3.9.900.20240824-1409\jars\wagon-provider-api-3.5.3.jar
2024-10-23 12:58:28,574 [Worker-33: Launching Executing clean in C__WS_AppMovil_Alumno_Servicio_rest_Alumno] INFO  o.eclipse.m2e.core.internal.Bundles - getClasspathEntries(Bundle=com.google.guava_33.3.0.jre [29])
2024-10-23 12:58:28,574 [Worker-33: Launching Executing clean in C__WS_AppMovil_Alumno_Servicio_rest_Alumno] INFO  o.eclipse.m2e.core.internal.Bundles - 	Entry: C:\Users\PC\Downloads\sts-4.25.0.RELEASE\plugins\com.google.guava_33.3.0.jre.jar
2024-10-23 12:58:28,574 [Worker-33: Launching Executing clean in C__WS_AppMovil_Alumno_Servicio_rest_Alumno] INFO  o.eclipse.m2e.core.internal.Bundles - getClasspathEntries(Bundle=slf4j.api_2.0.16 [592])
2024-10-23 12:58:28,575 [Worker-33: Launching Executing clean in C__WS_AppMovil_Alumno_Servicio_rest_Alumno] INFO  o.eclipse.m2e.core.internal.Bundles - 	Entry: C:\Users\PC\Downloads\sts-4.25.0.RELEASE\plugins\slf4j.api_2.0.16.jar
2024-10-23 12:58:28,575 [Worker-33: Launching Executing clean in C__WS_AppMovil_Alumno_Servicio_rest_Alumno] INFO  o.eclipse.m2e.core.internal.Bundles - getClasspathEntries(Bundle=javax.inject_1.0.0.v20220405-0441 [600])
2024-10-23 12:58:28,576 [Worker-33: Launching Executing clean in C__WS_AppMovil_Alumno_Servicio_rest_Alumno] INFO  o.eclipse.m2e.core.internal.Bundles - 	Entry: C:\Users\PC\Downloads\sts-4.25.0.RELEASE\plugins\javax.inject_1.0.0.v20220405-0441.jar
2024-10-23 12:58:28,576 [Worker-33: Launching Executing clean in C__WS_AppMovil_Alumno_Servicio_rest_Alumno] INFO  o.eclipse.m2e.core.internal.Bundles - getClasspathEntries(Bundle=javax.annotation_1.3.5.v20230504-0748 [599])
2024-10-23 12:58:28,576 [Worker-33: Launching Executing clean in C__WS_AppMovil_Alumno_Servicio_rest_Alumno] INFO  o.eclipse.m2e.core.internal.Bundles - 	Entry: C:\Users\PC\Downloads\sts-4.25.0.RELEASE\plugins\javax.annotation_1.3.5.v20230504-0748.jar
2024-10-23 12:58:28,576 [Worker-33: Launching Executing clean in C__WS_AppMovil_Alumno_Servicio_rest_Alumno] INFO  o.eclipse.m2e.core.internal.Bundles - getClasspathEntries(Bundle=org.apache.commons.cli_1.9.0 [77])
2024-10-23 12:58:28,577 [Worker-33: Launching Executing clean in C__WS_AppMovil_Alumno_Servicio_rest_Alumno] INFO  o.eclipse.m2e.core.internal.Bundles - 	Entry: C:\Users\PC\Downloads\sts-4.25.0.RELEASE\plugins\org.apache.commons.cli_1.9.0.jar
2024-10-23 12:58:28,578 [Worker-33: Launching Executing clean in C__WS_AppMovil_Alumno_Servicio_rest_Alumno] INFO  o.eclipse.m2e.core.internal.Bundles - getClasspathEntries(Bundle=org.apache.commons.commons-codec_1.16.0 [80])
2024-10-23 12:58:28,578 [Worker-33: Launching Executing clean in C__WS_AppMovil_Alumno_Servicio_rest_Alumno] INFO  o.eclipse.m2e.core.internal.Bundles - 	Entry: C:\Users\PC\Downloads\sts-4.25.0.RELEASE\plugins\org.apache.commons.commons-codec_1.16.0.jar
2024-10-23 12:58:28,578 [Worker-33: Launching Executing clean in C__WS_AppMovil_Alumno_Servicio_rest_Alumno] INFO  o.eclipse.m2e.core.internal.Bundles - getClasspathEntries(Bundle=com.google.guava.failureaccess_1.0.2 [30])
2024-10-23 12:58:28,579 [Worker-33: Launching Executing clean in C__WS_AppMovil_Alumno_Servicio_rest_Alumno] INFO  o.eclipse.m2e.core.internal.Bundles - 	Entry: C:\Users\PC\Downloads\sts-4.25.0.RELEASE\plugins\com.google.guava.failureaccess_1.0.2.jar
2024-10-23 12:58:28,584 [Worker-33: Launching Executing clean in C__WS_AppMovil_Alumno_Servicio_rest_Alumno] INFO  o.e.m.i.launch.MavenLaunchDelegate - Run build in "C:\WS_AppMovil_Alumno\Servicio_rest_Alumno":
2024-10-23 12:58:28,588 [Worker-33: Launching Executing clean in C__WS_AppMovil_Alumno_Servicio_rest_Alumno] INFO  o.e.m.i.launch.MavenLaunchDelegate -  mvn  -Ppom.xml -B -Dstyle.color=always clean
2024-10-23 12:58:33,318 [Worker-37: Building] INFO  o.a.m.s.f.DefaultMavenResourcesFiltering - Copying 1 resource from src\main\resources to target\classes
2024-10-23 12:58:33,328 [Worker-37: Building] INFO  o.a.m.s.f.DefaultMavenResourcesFiltering - Copying 0 resource from src\main\resources to target\classes
2024-10-23 12:58:33,332 [Worker-37: Building] INFO  o.a.m.s.f.DefaultMavenResourcesFiltering - skip non existing resourceDirectory C:\WS_AppMovil_Alumno\Servicio_rest_Alumno\src\test\resources
2024-10-23 12:59:02,153 [Worker-27: Launching Executing install in C__WS_AppMovil_Alumno_Servicio_rest_Alumno] INFO  o.eclipse.m2e.core.internal.Bundles - getClasspathEntries(Bundle=org.eclipse.m2e.maven.runtime_3.9.900.20240824-1409 [359])
2024-10-23 12:59:02,154 [Worker-27: Launching Executing install in C__WS_AppMovil_Alumno_Servicio_rest_Alumno] INFO  o.eclipse.m2e.core.internal.Bundles - 	Entry: C:\Users\PC\Downloads\sts-4.25.0.RELEASE\plugins\org.eclipse.m2e.maven.runtime_3.9.900.20240824-1409
2024-10-23 12:59:02,154 [Worker-27: Launching Executing install in C__WS_AppMovil_Alumno_Servicio_rest_Alumno] INFO  o.eclipse.m2e.core.internal.Bundles - 	Entry: C:\Users\PC\Downloads\sts-4.25.0.RELEASE\plugins\org.eclipse.m2e.maven.runtime_3.9.900.20240824-1409\jars\aopalliance-1.0.jar
2024-10-23 12:59:02,154 [Worker-27: Launching Executing install in C__WS_AppMovil_Alumno_Servicio_rest_Alumno] INFO  o.eclipse.m2e.core.internal.Bundles - 	Entry: C:\Users\PC\Downloads\sts-4.25.0.RELEASE\plugins\org.eclipse.m2e.maven.runtime_3.9.900.20240824-1409\jars\guice-5.1.0.jar
2024-10-23 12:59:02,154 [Worker-27: Launching Executing install in C__WS_AppMovil_Alumno_Servicio_rest_Alumno] INFO  o.eclipse.m2e.core.internal.Bundles - 	Entry: C:\Users\PC\Downloads\sts-4.25.0.RELEASE\plugins\org.eclipse.m2e.maven.runtime_3.9.900.20240824-1409\jars\httpclient-4.5.14.jar
2024-10-23 12:59:02,155 [Worker-27: Launching Executing install in C__WS_AppMovil_Alumno_Servicio_rest_Alumno] INFO  o.eclipse.m2e.core.internal.Bundles - 	Entry: C:\Users\PC\Downloads\sts-4.25.0.RELEASE\plugins\org.eclipse.m2e.maven.runtime_3.9.900.20240824-1409\jars\httpcore-4.4.16.jar
2024-10-23 12:59:02,155 [Worker-27: Launching Executing install in C__WS_AppMovil_Alumno_Servicio_rest_Alumno] INFO  o.eclipse.m2e.core.internal.Bundles - 	Entry: C:\Users\PC\Downloads\sts-4.25.0.RELEASE\plugins\org.eclipse.m2e.maven.runtime_3.9.900.20240824-1409\jars\jansi-2.4.1.jar
2024-10-23 12:59:02,155 [Worker-27: Launching Executing install in C__WS_AppMovil_Alumno_Servicio_rest_Alumno] INFO  o.eclipse.m2e.core.internal.Bundles - 	Entry: C:\Users\PC\Downloads\sts-4.25.0.RELEASE\plugins\org.eclipse.m2e.maven.runtime_3.9.900.20240824-1409\jars\jcl-over-slf4j-1.7.36.jar
2024-10-23 12:59:02,156 [Worker-27: Launching Executing install in C__WS_AppMovil_Alumno_Servicio_rest_Alumno] INFO  o.eclipse.m2e.core.internal.Bundles - 	Entry: C:\Users\PC\Downloads\sts-4.25.0.RELEASE\plugins\org.eclipse.m2e.maven.runtime_3.9.900.20240824-1409\jars\maven-artifact-3.9.9.jar
2024-10-23 12:59:02,156 [Worker-27: Launching Executing install in C__WS_AppMovil_Alumno_Servicio_rest_Alumno] INFO  o.eclipse.m2e.core.internal.Bundles - 	Entry: C:\Users\PC\Downloads\sts-4.25.0.RELEASE\plugins\org.eclipse.m2e.maven.runtime_3.9.900.20240824-1409\jars\maven-builder-support-3.9.9.jar
2024-10-23 12:59:02,156 [Worker-27: Launching Executing install in C__WS_AppMovil_Alumno_Servicio_rest_Alumno] INFO  o.eclipse.m2e.core.internal.Bundles - 	Entry: C:\Users\PC\Downloads\sts-4.25.0.RELEASE\plugins\org.eclipse.m2e.maven.runtime_3.9.900.20240824-1409\jars\maven-compat-3.9.9.jar
2024-10-23 12:59:02,156 [Worker-27: Launching Executing install in C__WS_AppMovil_Alumno_Servicio_rest_Alumno] INFO  o.eclipse.m2e.core.internal.Bundles - 	Entry: C:\Users\PC\Downloads\sts-4.25.0.RELEASE\plugins\org.eclipse.m2e.maven.runtime_3.9.900.20240824-1409\jars\maven-core-3.9.9.jar
2024-10-23 12:59:02,157 [Worker-27: Launching Executing install in C__WS_AppMovil_Alumno_Servicio_rest_Alumno] INFO  o.eclipse.m2e.core.internal.Bundles - 	Entry: C:\Users\PC\Downloads\sts-4.25.0.RELEASE\plugins\org.eclipse.m2e.maven.runtime_3.9.900.20240824-1409\jars\maven-embedder-3.9.9.jar
2024-10-23 12:59:02,157 [Worker-27: Launching Executing install in C__WS_AppMovil_Alumno_Servicio_rest_Alumno] INFO  o.eclipse.m2e.core.internal.Bundles - 	Entry: C:\Users\PC\Downloads\sts-4.25.0.RELEASE\plugins\org.eclipse.m2e.maven.runtime_3.9.900.20240824-1409\jars\maven-model-3.9.9.jar
2024-10-23 12:59:02,157 [Worker-27: Launching Executing install in C__WS_AppMovil_Alumno_Servicio_rest_Alumno] INFO  o.eclipse.m2e.core.internal.Bundles - 	Entry: C:\Users\PC\Downloads\sts-4.25.0.RELEASE\plugins\org.eclipse.m2e.maven.runtime_3.9.900.20240824-1409\jars\maven-model-builder-3.9.9.jar
2024-10-23 12:59:02,158 [Worker-27: Launching Executing install in C__WS_AppMovil_Alumno_Servicio_rest_Alumno] INFO  o.eclipse.m2e.core.internal.Bundles - 	Entry: C:\Users\PC\Downloads\sts-4.25.0.RELEASE\plugins\org.eclipse.m2e.maven.runtime_3.9.900.20240824-1409\jars\maven-plugin-api-3.9.9.jar
2024-10-23 12:59:02,158 [Worker-27: Launching Executing install in C__WS_AppMovil_Alumno_Servicio_rest_Alumno] INFO  o.eclipse.m2e.core.internal.Bundles - 	Entry: C:\Users\PC\Downloads\sts-4.25.0.RELEASE\plugins\org.eclipse.m2e.maven.runtime_3.9.900.20240824-1409\jars\maven-repository-metadata-3.9.9.jar
2024-10-23 12:59:02,158 [Worker-27: Launching Executing install in C__WS_AppMovil_Alumno_Servicio_rest_Alumno] INFO  o.eclipse.m2e.core.internal.Bundles - 	Entry: C:\Users\PC\Downloads\sts-4.25.0.RELEASE\plugins\org.eclipse.m2e.maven.runtime_3.9.900.20240824-1409\jars\maven-resolver-api-1.9.22.jar
2024-10-23 12:59:02,159 [Worker-27: Launching Executing install in C__WS_AppMovil_Alumno_Servicio_rest_Alumno] INFO  o.eclipse.m2e.core.internal.Bundles - 	Entry: C:\Users\PC\Downloads\sts-4.25.0.RELEASE\plugins\org.eclipse.m2e.maven.runtime_3.9.900.20240824-1409\jars\maven-resolver-connector-basic-1.9.22.jar
2024-10-23 12:59:02,159 [Worker-27: Launching Executing install in C__WS_AppMovil_Alumno_Servicio_rest_Alumno] INFO  o.eclipse.m2e.core.internal.Bundles - 	Entry: C:\Users\PC\Downloads\sts-4.25.0.RELEASE\plugins\org.eclipse.m2e.maven.runtime_3.9.900.20240824-1409\jars\maven-resolver-impl-1.9.22.jar
2024-10-23 12:59:02,159 [Worker-27: Launching Executing install in C__WS_AppMovil_Alumno_Servicio_rest_Alumno] INFO  o.eclipse.m2e.core.internal.Bundles - 	Entry: C:\Users\PC\Downloads\sts-4.25.0.RELEASE\plugins\org.eclipse.m2e.maven.runtime_3.9.900.20240824-1409\jars\maven-resolver-named-locks-1.9.22.jar
2024-10-23 12:59:02,159 [Worker-27: Launching Executing install in C__WS_AppMovil_Alumno_Servicio_rest_Alumno] INFO  o.eclipse.m2e.core.internal.Bundles - 	Entry: C:\Users\PC\Downloads\sts-4.25.0.RELEASE\plugins\org.eclipse.m2e.maven.runtime_3.9.900.20240824-1409\jars\maven-resolver-provider-3.9.9.jar
2024-10-23 12:59:02,160 [Worker-27: Launching Executing install in C__WS_AppMovil_Alumno_Servicio_rest_Alumno] INFO  o.eclipse.m2e.core.internal.Bundles - 	Entry: C:\Users\PC\Downloads\sts-4.25.0.RELEASE\plugins\org.eclipse.m2e.maven.runtime_3.9.900.20240824-1409\jars\maven-resolver-spi-1.9.22.jar
2024-10-23 12:59:02,160 [Worker-27: Launching Executing install in C__WS_AppMovil_Alumno_Servicio_rest_Alumno] INFO  o.eclipse.m2e.core.internal.Bundles - 	Entry: C:\Users\PC\Downloads\sts-4.25.0.RELEASE\plugins\org.eclipse.m2e.maven.runtime_3.9.900.20240824-1409\jars\maven-resolver-transport-file-1.9.22.jar
2024-10-23 12:59:02,160 [Worker-27: Launching Executing install in C__WS_AppMovil_Alumno_Servicio_rest_Alumno] INFO  o.eclipse.m2e.core.internal.Bundles - 	Entry: C:\Users\PC\Downloads\sts-4.25.0.RELEASE\plugins\org.eclipse.m2e.maven.runtime_3.9.900.20240824-1409\jars\maven-resolver-transport-http-1.9.22.jar
2024-10-23 12:59:02,160 [Worker-27: Launching Executing install in C__WS_AppMovil_Alumno_Servicio_rest_Alumno] INFO  o.eclipse.m2e.core.internal.Bundles - 	Entry: C:\Users\PC\Downloads\sts-4.25.0.RELEASE\plugins\org.eclipse.m2e.maven.runtime_3.9.900.20240824-1409\jars\maven-resolver-transport-wagon-1.9.22.jar
2024-10-23 12:59:02,161 [Worker-27: Launching Executing install in C__WS_AppMovil_Alumno_Servicio_rest_Alumno] INFO  o.eclipse.m2e.core.internal.Bundles - 	Entry: C:\Users\PC\Downloads\sts-4.25.0.RELEASE\plugins\org.eclipse.m2e.maven.runtime_3.9.900.20240824-1409\jars\maven-resolver-util-1.9.22.jar
2024-10-23 12:59:02,161 [Worker-27: Launching Executing install in C__WS_AppMovil_Alumno_Servicio_rest_Alumno] INFO  o.eclipse.m2e.core.internal.Bundles - 	Entry: C:\Users\PC\Downloads\sts-4.25.0.RELEASE\plugins\org.eclipse.m2e.maven.runtime_3.9.900.20240824-1409\jars\maven-settings-3.9.9.jar
2024-10-23 12:59:02,161 [Worker-27: Launching Executing install in C__WS_AppMovil_Alumno_Servicio_rest_Alumno] INFO  o.eclipse.m2e.core.internal.Bundles - 	Entry: C:\Users\PC\Downloads\sts-4.25.0.RELEASE\plugins\org.eclipse.m2e.maven.runtime_3.9.900.20240824-1409\jars\maven-settings-builder-3.9.9.jar
2024-10-23 12:59:02,161 [Worker-27: Launching Executing install in C__WS_AppMovil_Alumno_Servicio_rest_Alumno] INFO  o.eclipse.m2e.core.internal.Bundles - 	Entry: C:\Users\PC\Downloads\sts-4.25.0.RELEASE\plugins\org.eclipse.m2e.maven.runtime_3.9.900.20240824-1409\jars\maven-shared-utils-3.4.2.jar
2024-10-23 12:59:02,162 [Worker-27: Launching Executing install in C__WS_AppMovil_Alumno_Servicio_rest_Alumno] INFO  o.eclipse.m2e.core.internal.Bundles - 	Entry: C:\Users\PC\Downloads\sts-4.25.0.RELEASE\plugins\org.eclipse.m2e.maven.runtime_3.9.900.20240824-1409\jars\org.eclipse.sisu.inject-0.9.0.M3.jar
2024-10-23 12:59:02,162 [Worker-27: Launching Executing install in C__WS_AppMovil_Alumno_Servicio_rest_Alumno] INFO  o.eclipse.m2e.core.internal.Bundles - 	Entry: C:\Users\PC\Downloads\sts-4.25.0.RELEASE\plugins\org.eclipse.m2e.maven.runtime_3.9.900.20240824-1409\jars\org.eclipse.sisu.plexus-0.9.0.M3.jar
2024-10-23 12:59:02,162 [Worker-27: Launching Executing install in C__WS_AppMovil_Alumno_Servicio_rest_Alumno] INFO  o.eclipse.m2e.core.internal.Bundles - 	Entry: C:\Users\PC\Downloads\sts-4.25.0.RELEASE\plugins\org.eclipse.m2e.maven.runtime_3.9.900.20240824-1409\jars\plexus-build-api-0.0.7.jar
2024-10-23 12:59:02,162 [Worker-27: Launching Executing install in C__WS_AppMovil_Alumno_Servicio_rest_Alumno] INFO  o.eclipse.m2e.core.internal.Bundles - 	Entry: C:\Users\PC\Downloads\sts-4.25.0.RELEASE\plugins\org.eclipse.m2e.maven.runtime_3.9.900.20240824-1409\jars\plexus-build-api-1.2.0.jar
2024-10-23 12:59:02,163 [Worker-27: Launching Executing install in C__WS_AppMovil_Alumno_Servicio_rest_Alumno] INFO  o.eclipse.m2e.core.internal.Bundles - 	Entry: C:\Users\PC\Downloads\sts-4.25.0.RELEASE\plugins\org.eclipse.m2e.maven.runtime_3.9.900.20240824-1409\jars\plexus-cipher-2.0.jar
2024-10-23 12:59:02,163 [Worker-27: Launching Executing install in C__WS_AppMovil_Alumno_Servicio_rest_Alumno] INFO  o.eclipse.m2e.core.internal.Bundles - 	Entry: C:\Users\PC\Downloads\sts-4.25.0.RELEASE\plugins\org.eclipse.m2e.maven.runtime_3.9.900.20240824-1409\jars\plexus-classworlds-2.8.0.jar
2024-10-23 12:59:02,163 [Worker-27: Launching Executing install in C__WS_AppMovil_Alumno_Servicio_rest_Alumno] INFO  o.eclipse.m2e.core.internal.Bundles - 	Entry: C:\Users\PC\Downloads\sts-4.25.0.RELEASE\plugins\org.eclipse.m2e.maven.runtime_3.9.900.20240824-1409\jars\plexus-component-annotations-2.1.0.jar
2024-10-23 12:59:02,163 [Worker-27: Launching Executing install in C__WS_AppMovil_Alumno_Servicio_rest_Alumno] INFO  o.eclipse.m2e.core.internal.Bundles - 	Entry: C:\Users\PC\Downloads\sts-4.25.0.RELEASE\plugins\org.eclipse.m2e.maven.runtime_3.9.900.20240824-1409\jars\plexus-interpolation-1.27.jar
2024-10-23 12:59:02,164 [Worker-27: Launching Executing install in C__WS_AppMovil_Alumno_Servicio_rest_Alumno] INFO  o.eclipse.m2e.core.internal.Bundles - 	Entry: C:\Users\PC\Downloads\sts-4.25.0.RELEASE\plugins\org.eclipse.m2e.maven.runtime_3.9.900.20240824-1409\jars\plexus-sec-dispatcher-2.0.jar
2024-10-23 12:59:02,164 [Worker-27: Launching Executing install in C__WS_AppMovil_Alumno_Servicio_rest_Alumno] INFO  o.eclipse.m2e.core.internal.Bundles - 	Entry: C:\Users\PC\Downloads\sts-4.25.0.RELEASE\plugins\org.eclipse.m2e.maven.runtime_3.9.900.20240824-1409\jars\plexus-utils-3.5.1.jar
2024-10-23 12:59:02,164 [Worker-27: Launching Executing install in C__WS_AppMovil_Alumno_Servicio_rest_Alumno] INFO  o.eclipse.m2e.core.internal.Bundles - 	Entry: C:\Users\PC\Downloads\sts-4.25.0.RELEASE\plugins\org.eclipse.m2e.maven.runtime_3.9.900.20240824-1409\jars\plexus-xml-3.0.1.jar
2024-10-23 12:59:02,164 [Worker-27: Launching Executing install in C__WS_AppMovil_Alumno_Servicio_rest_Alumno] INFO  o.eclipse.m2e.core.internal.Bundles - 	Entry: C:\Users\PC\Downloads\sts-4.25.0.RELEASE\plugins\org.eclipse.m2e.maven.runtime_3.9.900.20240824-1409\jars\wagon-file-3.5.3.jar
2024-10-23 12:59:02,165 [Worker-27: Launching Executing install in C__WS_AppMovil_Alumno_Servicio_rest_Alumno] INFO  o.eclipse.m2e.core.internal.Bundles - 	Entry: C:\Users\PC\Downloads\sts-4.25.0.RELEASE\plugins\org.eclipse.m2e.maven.runtime_3.9.900.20240824-1409\jars\wagon-http-3.5.3.jar
2024-10-23 12:59:02,165 [Worker-27: Launching Executing install in C__WS_AppMovil_Alumno_Servicio_rest_Alumno] INFO  o.eclipse.m2e.core.internal.Bundles - 	Entry: C:\Users\PC\Downloads\sts-4.25.0.RELEASE\plugins\org.eclipse.m2e.maven.runtime_3.9.900.20240824-1409\jars\wagon-http-shared-3.5.3.jar
2024-10-23 12:59:02,166 [Worker-27: Launching Executing install in C__WS_AppMovil_Alumno_Servicio_rest_Alumno] INFO  o.eclipse.m2e.core.internal.Bundles - 	Entry: C:\Users\PC\Downloads\sts-4.25.0.RELEASE\plugins\org.eclipse.m2e.maven.runtime_3.9.900.20240824-1409\jars\wagon-provider-api-3.5.3.jar
2024-10-23 12:59:02,166 [Worker-27: Launching Executing install in C__WS_AppMovil_Alumno_Servicio_rest_Alumno] INFO  o.eclipse.m2e.core.internal.Bundles - getClasspathEntries(Bundle=com.google.guava_33.3.0.jre [29])
2024-10-23 12:59:02,167 [Worker-27: Launching Executing install in C__WS_AppMovil_Alumno_Servicio_rest_Alumno] INFO  o.eclipse.m2e.core.internal.Bundles - 	Entry: C:\Users\PC\Downloads\sts-4.25.0.RELEASE\plugins\com.google.guava_33.3.0.jre.jar
2024-10-23 12:59:02,167 [Worker-27: Launching Executing install in C__WS_AppMovil_Alumno_Servicio_rest_Alumno] INFO  o.eclipse.m2e.core.internal.Bundles - getClasspathEntries(Bundle=slf4j.api_2.0.16 [592])
2024-10-23 12:59:02,167 [Worker-27: Launching Executing install in C__WS_AppMovil_Alumno_Servicio_rest_Alumno] INFO  o.eclipse.m2e.core.internal.Bundles - 	Entry: C:\Users\PC\Downloads\sts-4.25.0.RELEASE\plugins\slf4j.api_2.0.16.jar
2024-10-23 12:59:02,167 [Worker-27: Launching Executing install in C__WS_AppMovil_Alumno_Servicio_rest_Alumno] INFO  o.eclipse.m2e.core.internal.Bundles - getClasspathEntries(Bundle=javax.inject_1.0.0.v20220405-0441 [600])
2024-10-23 12:59:02,168 [Worker-27: Launching Executing install in C__WS_AppMovil_Alumno_Servicio_rest_Alumno] INFO  o.eclipse.m2e.core.internal.Bundles - 	Entry: C:\Users\PC\Downloads\sts-4.25.0.RELEASE\plugins\javax.inject_1.0.0.v20220405-0441.jar
2024-10-23 12:59:02,168 [Worker-27: Launching Executing install in C__WS_AppMovil_Alumno_Servicio_rest_Alumno] INFO  o.eclipse.m2e.core.internal.Bundles - getClasspathEntries(Bundle=javax.annotation_1.3.5.v20230504-0748 [599])
2024-10-23 12:59:02,169 [Worker-27: Launching Executing install in C__WS_AppMovil_Alumno_Servicio_rest_Alumno] INFO  o.eclipse.m2e.core.internal.Bundles - 	Entry: C:\Users\PC\Downloads\sts-4.25.0.RELEASE\plugins\javax.annotation_1.3.5.v20230504-0748.jar
2024-10-23 12:59:02,169 [Worker-27: Launching Executing install in C__WS_AppMovil_Alumno_Servicio_rest_Alumno] INFO  o.eclipse.m2e.core.internal.Bundles - getClasspathEntries(Bundle=org.apache.commons.cli_1.9.0 [77])
2024-10-23 12:59:02,169 [Worker-27: Launching Executing install in C__WS_AppMovil_Alumno_Servicio_rest_Alumno] INFO  o.eclipse.m2e.core.internal.Bundles - 	Entry: C:\Users\PC\Downloads\sts-4.25.0.RELEASE\plugins\org.apache.commons.cli_1.9.0.jar
2024-10-23 12:59:02,169 [Worker-27: Launching Executing install in C__WS_AppMovil_Alumno_Servicio_rest_Alumno] INFO  o.eclipse.m2e.core.internal.Bundles - getClasspathEntries(Bundle=org.apache.commons.commons-codec_1.16.0 [80])
2024-10-23 12:59:02,170 [Worker-27: Launching Executing install in C__WS_AppMovil_Alumno_Servicio_rest_Alumno] INFO  o.eclipse.m2e.core.internal.Bundles - 	Entry: C:\Users\PC\Downloads\sts-4.25.0.RELEASE\plugins\org.apache.commons.commons-codec_1.16.0.jar
2024-10-23 12:59:02,170 [Worker-27: Launching Executing install in C__WS_AppMovil_Alumno_Servicio_rest_Alumno] INFO  o.eclipse.m2e.core.internal.Bundles - getClasspathEntries(Bundle=com.google.guava.failureaccess_1.0.2 [30])
2024-10-23 12:59:02,171 [Worker-27: Launching Executing install in C__WS_AppMovil_Alumno_Servicio_rest_Alumno] INFO  o.eclipse.m2e.core.internal.Bundles - 	Entry: C:\Users\PC\Downloads\sts-4.25.0.RELEASE\plugins\com.google.guava.failureaccess_1.0.2.jar
2024-10-23 12:59:02,173 [Worker-27: Launching Executing install in C__WS_AppMovil_Alumno_Servicio_rest_Alumno] INFO  o.e.m.i.launch.MavenLaunchDelegate - Run build in "C:\WS_AppMovil_Alumno\Servicio_rest_Alumno":
2024-10-23 12:59:02,173 [Worker-27: Launching Executing install in C__WS_AppMovil_Alumno_Servicio_rest_Alumno] INFO  o.e.m.i.launch.MavenLaunchDelegate -  mvn  -Ppom.xml -B -Dstyle.color=always install
2024-10-23 15:12:03,285 [Worker-50: Building] INFO  o.a.m.s.f.DefaultMavenResourcesFiltering - Copying 1 resource from src\main\resources to target\classes
2024-10-23 15:12:03,340 [Worker-50: Building] INFO  o.a.m.s.f.DefaultMavenResourcesFiltering - Copying 0 resource from src\main\resources to target\classes
2024-10-23 15:12:03,349 [Worker-50: Building] INFO  o.a.m.s.f.DefaultMavenResourcesFiltering - skip non existing resourceDirectory C:\WS_AppMovil_Alumno\Servicio_rest_Alumno\src\test\resources
2024-10-23 15:36:16,922 [Worker-69: Launching Executing clean in C__WS_AppMovil_Alumno_Servicio_rest_Alumno] INFO  o.eclipse.m2e.core.internal.Bundles - getClasspathEntries(Bundle=org.eclipse.m2e.maven.runtime_3.9.900.20240824-1409 [359])
2024-10-23 15:36:16,924 [Worker-69: Launching Executing clean in C__WS_AppMovil_Alumno_Servicio_rest_Alumno] INFO  o.eclipse.m2e.core.internal.Bundles - 	Entry: C:\Users\PC\Downloads\sts-4.25.0.RELEASE\plugins\org.eclipse.m2e.maven.runtime_3.9.900.20240824-1409
2024-10-23 15:36:16,925 [Worker-69: Launching Executing clean in C__WS_AppMovil_Alumno_Servicio_rest_Alumno] INFO  o.eclipse.m2e.core.internal.Bundles - 	Entry: C:\Users\PC\Downloads\sts-4.25.0.RELEASE\plugins\org.eclipse.m2e.maven.runtime_3.9.900.20240824-1409\jars\aopalliance-1.0.jar
2024-10-23 15:36:16,925 [Worker-69: Launching Executing clean in C__WS_AppMovil_Alumno_Servicio_rest_Alumno] INFO  o.eclipse.m2e.core.internal.Bundles - 	Entry: C:\Users\PC\Downloads\sts-4.25.0.RELEASE\plugins\org.eclipse.m2e.maven.runtime_3.9.900.20240824-1409\jars\guice-5.1.0.jar
2024-10-23 15:36:16,925 [Worker-69: Launching Executing clean in C__WS_AppMovil_Alumno_Servicio_rest_Alumno] INFO  o.eclipse.m2e.core.internal.Bundles - 	Entry: C:\Users\PC\Downloads\sts-4.25.0.RELEASE\plugins\org.eclipse.m2e.maven.runtime_3.9.900.20240824-1409\jars\httpclient-4.5.14.jar
2024-10-23 15:36:16,926 [Worker-69: Launching Executing clean in C__WS_AppMovil_Alumno_Servicio_rest_Alumno] INFO  o.eclipse.m2e.core.internal.Bundles - 	Entry: C:\Users\PC\Downloads\sts-4.25.0.RELEASE\plugins\org.eclipse.m2e.maven.runtime_3.9.900.20240824-1409\jars\httpcore-4.4.16.jar
2024-10-23 15:36:16,926 [Worker-69: Launching Executing clean in C__WS_AppMovil_Alumno_Servicio_rest_Alumno] INFO  o.eclipse.m2e.core.internal.Bundles - 	Entry: C:\Users\PC\Downloads\sts-4.25.0.RELEASE\plugins\org.eclipse.m2e.maven.runtime_3.9.900.20240824-1409\jars\jansi-2.4.1.jar
2024-10-23 15:36:16,926 [Worker-69: Launching Executing clean in C__WS_AppMovil_Alumno_Servicio_rest_Alumno] INFO  o.eclipse.m2e.core.internal.Bundles - 	Entry: C:\Users\PC\Downloads\sts-4.25.0.RELEASE\plugins\org.eclipse.m2e.maven.runtime_3.9.900.20240824-1409\jars\jcl-over-slf4j-1.7.36.jar
2024-10-23 15:36:16,927 [Worker-69: Launching Executing clean in C__WS_AppMovil_Alumno_Servicio_rest_Alumno] INFO  o.eclipse.m2e.core.internal.Bundles - 	Entry: C:\Users\PC\Downloads\sts-4.25.0.RELEASE\plugins\org.eclipse.m2e.maven.runtime_3.9.900.20240824-1409\jars\maven-artifact-3.9.9.jar
2024-10-23 15:36:16,927 [Worker-69: Launching Executing clean in C__WS_AppMovil_Alumno_Servicio_rest_Alumno] INFO  o.eclipse.m2e.core.internal.Bundles - 	Entry: C:\Users\PC\Downloads\sts-4.25.0.RELEASE\plugins\org.eclipse.m2e.maven.runtime_3.9.900.20240824-1409\jars\maven-builder-support-3.9.9.jar
2024-10-23 15:36:16,927 [Worker-69: Launching Executing clean in C__WS_AppMovil_Alumno_Servicio_rest_Alumno] INFO  o.eclipse.m2e.core.internal.Bundles - 	Entry: C:\Users\PC\Downloads\sts-4.25.0.RELEASE\plugins\org.eclipse.m2e.maven.runtime_3.9.900.20240824-1409\jars\maven-compat-3.9.9.jar
2024-10-23 15:36:16,928 [Worker-69: Launching Executing clean in C__WS_AppMovil_Alumno_Servicio_rest_Alumno] INFO  o.eclipse.m2e.core.internal.Bundles - 	Entry: C:\Users\PC\Downloads\sts-4.25.0.RELEASE\plugins\org.eclipse.m2e.maven.runtime_3.9.900.20240824-1409\jars\maven-core-3.9.9.jar
2024-10-23 15:36:16,929 [Worker-69: Launching Executing clean in C__WS_AppMovil_Alumno_Servicio_rest_Alumno] INFO  o.eclipse.m2e.core.internal.Bundles - 	Entry: C:\Users\PC\Downloads\sts-4.25.0.RELEASE\plugins\org.eclipse.m2e.maven.runtime_3.9.900.20240824-1409\jars\maven-embedder-3.9.9.jar
2024-10-23 15:36:16,929 [Worker-69: Launching Executing clean in C__WS_AppMovil_Alumno_Servicio_rest_Alumno] INFO  o.eclipse.m2e.core.internal.Bundles - 	Entry: C:\Users\PC\Downloads\sts-4.25.0.RELEASE\plugins\org.eclipse.m2e.maven.runtime_3.9.900.20240824-1409\jars\maven-model-3.9.9.jar
2024-10-23 15:36:16,929 [Worker-69: Launching Executing clean in C__WS_AppMovil_Alumno_Servicio_rest_Alumno] INFO  o.eclipse.m2e.core.internal.Bundles - 	Entry: C:\Users\PC\Downloads\sts-4.25.0.RELEASE\plugins\org.eclipse.m2e.maven.runtime_3.9.900.20240824-1409\jars\maven-model-builder-3.9.9.jar
2024-10-23 15:36:16,930 [Worker-69: Launching Executing clean in C__WS_AppMovil_Alumno_Servicio_rest_Alumno] INFO  o.eclipse.m2e.core.internal.Bundles - 	Entry: C:\Users\PC\Downloads\sts-4.25.0.RELEASE\plugins\org.eclipse.m2e.maven.runtime_3.9.900.20240824-1409\jars\maven-plugin-api-3.9.9.jar
2024-10-23 15:36:16,930 [Worker-69: Launching Executing clean in C__WS_AppMovil_Alumno_Servicio_rest_Alumno] INFO  o.eclipse.m2e.core.internal.Bundles - 	Entry: C:\Users\PC\Downloads\sts-4.25.0.RELEASE\plugins\org.eclipse.m2e.maven.runtime_3.9.900.20240824-1409\jars\maven-repository-metadata-3.9.9.jar
2024-10-23 15:36:16,930 [Worker-69: Launching Executing clean in C__WS_AppMovil_Alumno_Servicio_rest_Alumno] INFO  o.eclipse.m2e.core.internal.Bundles - 	Entry: C:\Users\PC\Downloads\sts-4.25.0.RELEASE\plugins\org.eclipse.m2e.maven.runtime_3.9.900.20240824-1409\jars\maven-resolver-api-1.9.22.jar
2024-10-23 15:36:16,930 [Worker-69: Launching Executing clean in C__WS_AppMovil_Alumno_Servicio_rest_Alumno] INFO  o.eclipse.m2e.core.internal.Bundles - 	Entry: C:\Users\PC\Downloads\sts-4.25.0.RELEASE\plugins\org.eclipse.m2e.maven.runtime_3.9.900.20240824-1409\jars\maven-resolver-connector-basic-1.9.22.jar
2024-10-23 15:36:16,931 [Worker-69: Launching Executing clean in C__WS_AppMovil_Alumno_Servicio_rest_Alumno] INFO  o.eclipse.m2e.core.internal.Bundles - 	Entry: C:\Users\PC\Downloads\sts-4.25.0.RELEASE\plugins\org.eclipse.m2e.maven.runtime_3.9.900.20240824-1409\jars\maven-resolver-impl-1.9.22.jar
2024-10-23 15:36:16,931 [Worker-69: Launching Executing clean in C__WS_AppMovil_Alumno_Servicio_rest_Alumno] INFO  o.eclipse.m2e.core.internal.Bundles - 	Entry: C:\Users\PC\Downloads\sts-4.25.0.RELEASE\plugins\org.eclipse.m2e.maven.runtime_3.9.900.20240824-1409\jars\maven-resolver-named-locks-1.9.22.jar
2024-10-23 15:36:16,931 [Worker-69: Launching Executing clean in C__WS_AppMovil_Alumno_Servicio_rest_Alumno] INFO  o.eclipse.m2e.core.internal.Bundles - 	Entry: C:\Users\PC\Downloads\sts-4.25.0.RELEASE\plugins\org.eclipse.m2e.maven.runtime_3.9.900.20240824-1409\jars\maven-resolver-provider-3.9.9.jar
2024-10-23 15:36:16,932 [Worker-69: Launching Executing clean in C__WS_AppMovil_Alumno_Servicio_rest_Alumno] INFO  o.eclipse.m2e.core.internal.Bundles - 	Entry: C:\Users\PC\Downloads\sts-4.25.0.RELEASE\plugins\org.eclipse.m2e.maven.runtime_3.9.900.20240824-1409\jars\maven-resolver-spi-1.9.22.jar
2024-10-23 15:36:16,932 [Worker-69: Launching Executing clean in C__WS_AppMovil_Alumno_Servicio_rest_Alumno] INFO  o.eclipse.m2e.core.internal.Bundles - 	Entry: C:\Users\PC\Downloads\sts-4.25.0.RELEASE\plugins\org.eclipse.m2e.maven.runtime_3.9.900.20240824-1409\jars\maven-resolver-transport-file-1.9.22.jar
2024-10-23 15:36:16,932 [Worker-69: Launching Executing clean in C__WS_AppMovil_Alumno_Servicio_rest_Alumno] INFO  o.eclipse.m2e.core.internal.Bundles - 	Entry: C:\Users\PC\Downloads\sts-4.25.0.RELEASE\plugins\org.eclipse.m2e.maven.runtime_3.9.900.20240824-1409\jars\maven-resolver-transport-http-1.9.22.jar
2024-10-23 15:36:16,932 [Worker-69: Launching Executing clean in C__WS_AppMovil_Alumno_Servicio_rest_Alumno] INFO  o.eclipse.m2e.core.internal.Bundles - 	Entry: C:\Users\PC\Downloads\sts-4.25.0.RELEASE\plugins\org.eclipse.m2e.maven.runtime_3.9.900.20240824-1409\jars\maven-resolver-transport-wagon-1.9.22.jar
2024-10-23 15:36:16,933 [Worker-69: Launching Executing clean in C__WS_AppMovil_Alumno_Servicio_rest_Alumno] INFO  o.eclipse.m2e.core.internal.Bundles - 	Entry: C:\Users\PC\Downloads\sts-4.25.0.RELEASE\plugins\org.eclipse.m2e.maven.runtime_3.9.900.20240824-1409\jars\maven-resolver-util-1.9.22.jar
2024-10-23 15:36:16,933 [Worker-69: Launching Executing clean in C__WS_AppMovil_Alumno_Servicio_rest_Alumno] INFO  o.eclipse.m2e.core.internal.Bundles - 	Entry: C:\Users\PC\Downloads\sts-4.25.0.RELEASE\plugins\org.eclipse.m2e.maven.runtime_3.9.900.20240824-1409\jars\maven-settings-3.9.9.jar
2024-10-23 15:36:16,933 [Worker-69: Launching Executing clean in C__WS_AppMovil_Alumno_Servicio_rest_Alumno] INFO  o.eclipse.m2e.core.internal.Bundles - 	Entry: C:\Users\PC\Downloads\sts-4.25.0.RELEASE\plugins\org.eclipse.m2e.maven.runtime_3.9.900.20240824-1409\jars\maven-settings-builder-3.9.9.jar
2024-10-23 15:36:16,934 [Worker-69: Launching Executing clean in C__WS_AppMovil_Alumno_Servicio_rest_Alumno] INFO  o.eclipse.m2e.core.internal.Bundles - 	Entry: C:\Users\PC\Downloads\sts-4.25.0.RELEASE\plugins\org.eclipse.m2e.maven.runtime_3.9.900.20240824-1409\jars\maven-shared-utils-3.4.2.jar
2024-10-23 15:36:16,934 [Worker-69: Launching Executing clean in C__WS_AppMovil_Alumno_Servicio_rest_Alumno] INFO  o.eclipse.m2e.core.internal.Bundles - 	Entry: C:\Users\PC\Downloads\sts-4.25.0.RELEASE\plugins\org.eclipse.m2e.maven.runtime_3.9.900.20240824-1409\jars\org.eclipse.sisu.inject-0.9.0.M3.jar
2024-10-23 15:36:16,935 [Worker-69: Launching Executing clean in C__WS_AppMovil_Alumno_Servicio_rest_Alumno] INFO  o.eclipse.m2e.core.internal.Bundles - 	Entry: C:\Users\PC\Downloads\sts-4.25.0.RELEASE\plugins\org.eclipse.m2e.maven.runtime_3.9.900.20240824-1409\jars\org.eclipse.sisu.plexus-0.9.0.M3.jar
2024-10-23 15:36:16,935 [Worker-69: Launching Executing clean in C__WS_AppMovil_Alumno_Servicio_rest_Alumno] INFO  o.eclipse.m2e.core.internal.Bundles - 	Entry: C:\Users\PC\Downloads\sts-4.25.0.RELEASE\plugins\org.eclipse.m2e.maven.runtime_3.9.900.20240824-1409\jars\plexus-build-api-0.0.7.jar
2024-10-23 15:36:16,935 [Worker-69: Launching Executing clean in C__WS_AppMovil_Alumno_Servicio_rest_Alumno] INFO  o.eclipse.m2e.core.internal.Bundles - 	Entry: C:\Users\PC\Downloads\sts-4.25.0.RELEASE\plugins\org.eclipse.m2e.maven.runtime_3.9.900.20240824-1409\jars\plexus-build-api-1.2.0.jar
2024-10-23 15:36:16,936 [Worker-69: Launching Executing clean in C__WS_AppMovil_Alumno_Servicio_rest_Alumno] INFO  o.eclipse.m2e.core.internal.Bundles - 	Entry: C:\Users\PC\Downloads\sts-4.25.0.RELEASE\plugins\org.eclipse.m2e.maven.runtime_3.9.900.20240824-1409\jars\plexus-cipher-2.0.jar
2024-10-23 15:36:16,936 [Worker-69: Launching Executing clean in C__WS_AppMovil_Alumno_Servicio_rest_Alumno] INFO  o.eclipse.m2e.core.internal.Bundles - 	Entry: C:\Users\PC\Downloads\sts-4.25.0.RELEASE\plugins\org.eclipse.m2e.maven.runtime_3.9.900.20240824-1409\jars\plexus-classworlds-2.8.0.jar
2024-10-23 15:36:16,936 [Worker-69: Launching Executing clean in C__WS_AppMovil_Alumno_Servicio_rest_Alumno] INFO  o.eclipse.m2e.core.internal.Bundles - 	Entry: C:\Users\PC\Downloads\sts-4.25.0.RELEASE\plugins\org.eclipse.m2e.maven.runtime_3.9.900.20240824-1409\jars\plexus-component-annotations-2.1.0.jar
2024-10-23 15:36:16,937 [Worker-69: Launching Executing clean in C__WS_AppMovil_Alumno_Servicio_rest_Alumno] INFO  o.eclipse.m2e.core.internal.Bundles - 	Entry: C:\Users\PC\Downloads\sts-4.25.0.RELEASE\plugins\org.eclipse.m2e.maven.runtime_3.9.900.20240824-1409\jars\plexus-interpolation-1.27.jar
2024-10-23 15:36:16,937 [Worker-69: Launching Executing clean in C__WS_AppMovil_Alumno_Servicio_rest_Alumno] INFO  o.eclipse.m2e.core.internal.Bundles - 	Entry: C:\Users\PC\Downloads\sts-4.25.0.RELEASE\plugins\org.eclipse.m2e.maven.runtime_3.9.900.20240824-1409\jars\plexus-sec-dispatcher-2.0.jar
2024-10-23 15:36:16,937 [Worker-69: Launching Executing clean in C__WS_AppMovil_Alumno_Servicio_rest_Alumno] INFO  o.eclipse.m2e.core.internal.Bundles - 	Entry: C:\Users\PC\Downloads\sts-4.25.0.RELEASE\plugins\org.eclipse.m2e.maven.runtime_3.9.900.20240824-1409\jars\plexus-utils-3.5.1.jar
2024-10-23 15:36:16,938 [Worker-69: Launching Executing clean in C__WS_AppMovil_Alumno_Servicio_rest_Alumno] INFO  o.eclipse.m2e.core.internal.Bundles - 	Entry: C:\Users\PC\Downloads\sts-4.25.0.RELEASE\plugins\org.eclipse.m2e.maven.runtime_3.9.900.20240824-1409\jars\plexus-xml-3.0.1.jar
2024-10-23 15:36:16,938 [Worker-69: Launching Executing clean in C__WS_AppMovil_Alumno_Servicio_rest_Alumno] INFO  o.eclipse.m2e.core.internal.Bundles - 	Entry: C:\Users\PC\Downloads\sts-4.25.0.RELEASE\plugins\org.eclipse.m2e.maven.runtime_3.9.900.20240824-1409\jars\wagon-file-3.5.3.jar
2024-10-23 15:36:16,938 [Worker-69: Launching Executing clean in C__WS_AppMovil_Alumno_Servicio_rest_Alumno] INFO  o.eclipse.m2e.core.internal.Bundles - 	Entry: C:\Users\PC\Downloads\sts-4.25.0.RELEASE\plugins\org.eclipse.m2e.maven.runtime_3.9.900.20240824-1409\jars\wagon-http-3.5.3.jar
2024-10-23 15:36:16,939 [Worker-69: Launching Executing clean in C__WS_AppMovil_Alumno_Servicio_rest_Alumno] INFO  o.eclipse.m2e.core.internal.Bundles - 	Entry: C:\Users\PC\Downloads\sts-4.25.0.RELEASE\plugins\org.eclipse.m2e.maven.runtime_3.9.900.20240824-1409\jars\wagon-http-shared-3.5.3.jar
2024-10-23 15:36:16,939 [Worker-69: Launching Executing clean in C__WS_AppMovil_Alumno_Servicio_rest_Alumno] INFO  o.eclipse.m2e.core.internal.Bundles - 	Entry: C:\Users\PC\Downloads\sts-4.25.0.RELEASE\plugins\org.eclipse.m2e.maven.runtime_3.9.900.20240824-1409\jars\wagon-provider-api-3.5.3.jar
2024-10-23 15:36:16,940 [Worker-69: Launching Executing clean in C__WS_AppMovil_Alumno_Servicio_rest_Alumno] INFO  o.eclipse.m2e.core.internal.Bundles - getClasspathEntries(Bundle=com.google.guava_33.3.0.jre [29])
2024-10-23 15:36:16,940 [Worker-69: Launching Executing clean in C__WS_AppMovil_Alumno_Servicio_rest_Alumno] INFO  o.eclipse.m2e.core.internal.Bundles - 	Entry: C:\Users\PC\Downloads\sts-4.25.0.RELEASE\plugins\com.google.guava_33.3.0.jre.jar
2024-10-23 15:36:16,940 [Worker-69: Launching Executing clean in C__WS_AppMovil_Alumno_Servicio_rest_Alumno] INFO  o.eclipse.m2e.core.internal.Bundles - getClasspathEntries(Bundle=slf4j.api_2.0.16 [592])
2024-10-23 15:36:16,941 [Worker-69: Launching Executing clean in C__WS_AppMovil_Alumno_Servicio_rest_Alumno] INFO  o.eclipse.m2e.core.internal.Bundles - 	Entry: C:\Users\PC\Downloads\sts-4.25.0.RELEASE\plugins\slf4j.api_2.0.16.jar
2024-10-23 15:36:16,941 [Worker-69: Launching Executing clean in C__WS_AppMovil_Alumno_Servicio_rest_Alumno] INFO  o.eclipse.m2e.core.internal.Bundles - getClasspathEntries(Bundle=javax.inject_1.0.0.v20220405-0441 [600])
2024-10-23 15:36:16,942 [Worker-69: Launching Executing clean in C__WS_AppMovil_Alumno_Servicio_rest_Alumno] INFO  o.eclipse.m2e.core.internal.Bundles - 	Entry: C:\Users\PC\Downloads\sts-4.25.0.RELEASE\plugins\javax.inject_1.0.0.v20220405-0441.jar
2024-10-23 15:36:16,942 [Worker-69: Launching Executing clean in C__WS_AppMovil_Alumno_Servicio_rest_Alumno] INFO  o.eclipse.m2e.core.internal.Bundles - getClasspathEntries(Bundle=javax.annotation_1.3.5.v20230504-0748 [599])
2024-10-23 15:36:16,943 [Worker-69: Launching Executing clean in C__WS_AppMovil_Alumno_Servicio_rest_Alumno] INFO  o.eclipse.m2e.core.internal.Bundles - 	Entry: C:\Users\PC\Downloads\sts-4.25.0.RELEASE\plugins\javax.annotation_1.3.5.v20230504-0748.jar
2024-10-23 15:36:16,943 [Worker-69: Launching Executing clean in C__WS_AppMovil_Alumno_Servicio_rest_Alumno] INFO  o.eclipse.m2e.core.internal.Bundles - getClasspathEntries(Bundle=org.apache.commons.cli_1.9.0 [77])
2024-10-23 15:36:16,943 [Worker-69: Launching Executing clean in C__WS_AppMovil_Alumno_Servicio_rest_Alumno] INFO  o.eclipse.m2e.core.internal.Bundles - 	Entry: C:\Users\PC\Downloads\sts-4.25.0.RELEASE\plugins\org.apache.commons.cli_1.9.0.jar
2024-10-23 15:36:16,943 [Worker-69: Launching Executing clean in C__WS_AppMovil_Alumno_Servicio_rest_Alumno] INFO  o.eclipse.m2e.core.internal.Bundles - getClasspathEntries(Bundle=org.apache.commons.commons-codec_1.16.0 [80])
2024-10-23 15:36:16,944 [Worker-69: Launching Executing clean in C__WS_AppMovil_Alumno_Servicio_rest_Alumno] INFO  o.eclipse.m2e.core.internal.Bundles - 	Entry: C:\Users\PC\Downloads\sts-4.25.0.RELEASE\plugins\org.apache.commons.commons-codec_1.16.0.jar
2024-10-23 15:36:16,944 [Worker-69: Launching Executing clean in C__WS_AppMovil_Alumno_Servicio_rest_Alumno] INFO  o.eclipse.m2e.core.internal.Bundles - getClasspathEntries(Bundle=com.google.guava.failureaccess_1.0.2 [30])
2024-10-23 15:36:16,945 [Worker-69: Launching Executing clean in C__WS_AppMovil_Alumno_Servicio_rest_Alumno] INFO  o.eclipse.m2e.core.internal.Bundles - 	Entry: C:\Users\PC\Downloads\sts-4.25.0.RELEASE\plugins\com.google.guava.failureaccess_1.0.2.jar
2024-10-23 15:36:16,948 [Worker-69: Launching Executing clean in C__WS_AppMovil_Alumno_Servicio_rest_Alumno] INFO  o.e.m.i.launch.MavenLaunchDelegate - Run build in "C:\WS_AppMovil_Alumno\Servicio_rest_Alumno":
2024-10-23 15:36:16,948 [Worker-69: Launching Executing clean in C__WS_AppMovil_Alumno_Servicio_rest_Alumno] INFO  o.e.m.i.launch.MavenLaunchDelegate -  mvn  -Ppom.xml -B -Dstyle.color=always clean
2024-10-23 15:36:22,209 [Worker-67: Building] INFO  o.a.m.s.f.DefaultMavenResourcesFiltering - Copying 1 resource from src\main\resources to target\classes
2024-10-23 15:36:22,213 [Worker-67: Building] INFO  o.a.m.s.f.DefaultMavenResourcesFiltering - Copying 0 resource from src\main\resources to target\classes
2024-10-23 15:36:22,216 [Worker-67: Building] INFO  o.a.m.s.f.DefaultMavenResourcesFiltering - skip non existing resourceDirectory C:\WS_AppMovil_Alumno\Servicio_rest_Alumno\src\test\resources
2024-10-23 15:37:29,194 [Worker-67: Launching Executing clean in C__WS_AppMovil_Alumno_Servicio_rest_Alumno] INFO  o.eclipse.m2e.core.internal.Bundles - getClasspathEntries(Bundle=org.eclipse.m2e.maven.runtime_3.9.900.20240824-1409 [359])
2024-10-23 15:37:29,195 [Worker-67: Launching Executing clean in C__WS_AppMovil_Alumno_Servicio_rest_Alumno] INFO  o.eclipse.m2e.core.internal.Bundles - 	Entry: C:\Users\PC\Downloads\sts-4.25.0.RELEASE\plugins\org.eclipse.m2e.maven.runtime_3.9.900.20240824-1409
2024-10-23 15:37:29,195 [Worker-67: Launching Executing clean in C__WS_AppMovil_Alumno_Servicio_rest_Alumno] INFO  o.eclipse.m2e.core.internal.Bundles - 	Entry: C:\Users\PC\Downloads\sts-4.25.0.RELEASE\plugins\org.eclipse.m2e.maven.runtime_3.9.900.20240824-1409\jars\aopalliance-1.0.jar
2024-10-23 15:37:29,195 [Worker-67: Launching Executing clean in C__WS_AppMovil_Alumno_Servicio_rest_Alumno] INFO  o.eclipse.m2e.core.internal.Bundles - 	Entry: C:\Users\PC\Downloads\sts-4.25.0.RELEASE\plugins\org.eclipse.m2e.maven.runtime_3.9.900.20240824-1409\jars\guice-5.1.0.jar
2024-10-23 15:37:29,195 [Worker-67: Launching Executing clean in C__WS_AppMovil_Alumno_Servicio_rest_Alumno] INFO  o.eclipse.m2e.core.internal.Bundles - 	Entry: C:\Users\PC\Downloads\sts-4.25.0.RELEASE\plugins\org.eclipse.m2e.maven.runtime_3.9.900.20240824-1409\jars\httpclient-4.5.14.jar
2024-10-23 15:37:29,196 [Worker-67: Launching Executing clean in C__WS_AppMovil_Alumno_Servicio_rest_Alumno] INFO  o.eclipse.m2e.core.internal.Bundles - 	Entry: C:\Users\PC\Downloads\sts-4.25.0.RELEASE\plugins\org.eclipse.m2e.maven.runtime_3.9.900.20240824-1409\jars\httpcore-4.4.16.jar
2024-10-23 15:37:29,196 [Worker-67: Launching Executing clean in C__WS_AppMovil_Alumno_Servicio_rest_Alumno] INFO  o.eclipse.m2e.core.internal.Bundles - 	Entry: C:\Users\PC\Downloads\sts-4.25.0.RELEASE\plugins\org.eclipse.m2e.maven.runtime_3.9.900.20240824-1409\jars\jansi-2.4.1.jar
2024-10-23 15:37:29,196 [Worker-67: Launching Executing clean in C__WS_AppMovil_Alumno_Servicio_rest_Alumno] INFO  o.eclipse.m2e.core.internal.Bundles - 	Entry: C:\Users\PC\Downloads\sts-4.25.0.RELEASE\plugins\org.eclipse.m2e.maven.runtime_3.9.900.20240824-1409\jars\jcl-over-slf4j-1.7.36.jar
2024-10-23 15:37:29,197 [Worker-67: Launching Executing clean in C__WS_AppMovil_Alumno_Servicio_rest_Alumno] INFO  o.eclipse.m2e.core.internal.Bundles - 	Entry: C:\Users\PC\Downloads\sts-4.25.0.RELEASE\plugins\org.eclipse.m2e.maven.runtime_3.9.900.20240824-1409\jars\maven-artifact-3.9.9.jar
2024-10-23 15:37:29,197 [Worker-67: Launching Executing clean in C__WS_AppMovil_Alumno_Servicio_rest_Alumno] INFO  o.eclipse.m2e.core.internal.Bundles - 	Entry: C:\Users\PC\Downloads\sts-4.25.0.RELEASE\plugins\org.eclipse.m2e.maven.runtime_3.9.900.20240824-1409\jars\maven-builder-support-3.9.9.jar
2024-10-23 15:37:29,197 [Worker-67: Launching Executing clean in C__WS_AppMovil_Alumno_Servicio_rest_Alumno] INFO  o.eclipse.m2e.core.internal.Bundles - 	Entry: C:\Users\PC\Downloads\sts-4.25.0.RELEASE\plugins\org.eclipse.m2e.maven.runtime_3.9.900.20240824-1409\jars\maven-compat-3.9.9.jar
2024-10-23 15:37:29,198 [Worker-67: Launching Executing clean in C__WS_AppMovil_Alumno_Servicio_rest_Alumno] INFO  o.eclipse.m2e.core.internal.Bundles - 	Entry: C:\Users\PC\Downloads\sts-4.25.0.RELEASE\plugins\org.eclipse.m2e.maven.runtime_3.9.900.20240824-1409\jars\maven-core-3.9.9.jar
2024-10-23 15:37:29,199 [Worker-67: Launching Executing clean in C__WS_AppMovil_Alumno_Servicio_rest_Alumno] INFO  o.eclipse.m2e.core.internal.Bundles - 	Entry: C:\Users\PC\Downloads\sts-4.25.0.RELEASE\plugins\org.eclipse.m2e.maven.runtime_3.9.900.20240824-1409\jars\maven-embedder-3.9.9.jar
2024-10-23 15:37:29,199 [Worker-67: Launching Executing clean in C__WS_AppMovil_Alumno_Servicio_rest_Alumno] INFO  o.eclipse.m2e.core.internal.Bundles - 	Entry: C:\Users\PC\Downloads\sts-4.25.0.RELEASE\plugins\org.eclipse.m2e.maven.runtime_3.9.900.20240824-1409\jars\maven-model-3.9.9.jar
2024-10-23 15:37:29,199 [Worker-67: Launching Executing clean in C__WS_AppMovil_Alumno_Servicio_rest_Alumno] INFO  o.eclipse.m2e.core.internal.Bundles - 	Entry: C:\Users\PC\Downloads\sts-4.25.0.RELEASE\plugins\org.eclipse.m2e.maven.runtime_3.9.900.20240824-1409\jars\maven-model-builder-3.9.9.jar
2024-10-23 15:37:29,200 [Worker-67: Launching Executing clean in C__WS_AppMovil_Alumno_Servicio_rest_Alumno] INFO  o.eclipse.m2e.core.internal.Bundles - 	Entry: C:\Users\PC\Downloads\sts-4.25.0.RELEASE\plugins\org.eclipse.m2e.maven.runtime_3.9.900.20240824-1409\jars\maven-plugin-api-3.9.9.jar
2024-10-23 15:37:29,200 [Worker-67: Launching Executing clean in C__WS_AppMovil_Alumno_Servicio_rest_Alumno] INFO  o.eclipse.m2e.core.internal.Bundles - 	Entry: C:\Users\PC\Downloads\sts-4.25.0.RELEASE\plugins\org.eclipse.m2e.maven.runtime_3.9.900.20240824-1409\jars\maven-repository-metadata-3.9.9.jar
2024-10-23 15:37:29,200 [Worker-67: Launching Executing clean in C__WS_AppMovil_Alumno_Servicio_rest_Alumno] INFO  o.eclipse.m2e.core.internal.Bundles - 	Entry: C:\Users\PC\Downloads\sts-4.25.0.RELEASE\plugins\org.eclipse.m2e.maven.runtime_3.9.900.20240824-1409\jars\maven-resolver-api-1.9.22.jar
2024-10-23 15:37:29,201 [Worker-67: Launching Executing clean in C__WS_AppMovil_Alumno_Servicio_rest_Alumno] INFO  o.eclipse.m2e.core.internal.Bundles - 	Entry: C:\Users\PC\Downloads\sts-4.25.0.RELEASE\plugins\org.eclipse.m2e.maven.runtime_3.9.900.20240824-1409\jars\maven-resolver-connector-basic-1.9.22.jar
2024-10-23 15:37:29,201 [Worker-67: Launching Executing clean in C__WS_AppMovil_Alumno_Servicio_rest_Alumno] INFO  o.eclipse.m2e.core.internal.Bundles - 	Entry: C:\Users\PC\Downloads\sts-4.25.0.RELEASE\plugins\org.eclipse.m2e.maven.runtime_3.9.900.20240824-1409\jars\maven-resolver-impl-1.9.22.jar
2024-10-23 15:37:29,202 [Worker-67: Launching Executing clean in C__WS_AppMovil_Alumno_Servicio_rest_Alumno] INFO  o.eclipse.m2e.core.internal.Bundles - 	Entry: C:\Users\PC\Downloads\sts-4.25.0.RELEASE\plugins\org.eclipse.m2e.maven.runtime_3.9.900.20240824-1409\jars\maven-resolver-named-locks-1.9.22.jar
2024-10-23 15:37:29,202 [Worker-67: Launching Executing clean in C__WS_AppMovil_Alumno_Servicio_rest_Alumno] INFO  o.eclipse.m2e.core.internal.Bundles - 	Entry: C:\Users\PC\Downloads\sts-4.25.0.RELEASE\plugins\org.eclipse.m2e.maven.runtime_3.9.900.20240824-1409\jars\maven-resolver-provider-3.9.9.jar
2024-10-23 15:37:29,203 [Worker-67: Launching Executing clean in C__WS_AppMovil_Alumno_Servicio_rest_Alumno] INFO  o.eclipse.m2e.core.internal.Bundles - 	Entry: C:\Users\PC\Downloads\sts-4.25.0.RELEASE\plugins\org.eclipse.m2e.maven.runtime_3.9.900.20240824-1409\jars\maven-resolver-spi-1.9.22.jar
2024-10-23 15:37:29,203 [Worker-67: Launching Executing clean in C__WS_AppMovil_Alumno_Servicio_rest_Alumno] INFO  o.eclipse.m2e.core.internal.Bundles - 	Entry: C:\Users\PC\Downloads\sts-4.25.0.RELEASE\plugins\org.eclipse.m2e.maven.runtime_3.9.900.20240824-1409\jars\maven-resolver-transport-file-1.9.22.jar
2024-10-23 15:37:29,204 [Worker-67: Launching Executing clean in C__WS_AppMovil_Alumno_Servicio_rest_Alumno] INFO  o.eclipse.m2e.core.internal.Bundles - 	Entry: C:\Users\PC\Downloads\sts-4.25.0.RELEASE\plugins\org.eclipse.m2e.maven.runtime_3.9.900.20240824-1409\jars\maven-resolver-transport-http-1.9.22.jar
2024-10-23 15:37:29,204 [Worker-67: Launching Executing clean in C__WS_AppMovil_Alumno_Servicio_rest_Alumno] INFO  o.eclipse.m2e.core.internal.Bundles - 	Entry: C:\Users\PC\Downloads\sts-4.25.0.RELEASE\plugins\org.eclipse.m2e.maven.runtime_3.9.900.20240824-1409\jars\maven-resolver-transport-wagon-1.9.22.jar
2024-10-23 15:37:29,205 [Worker-67: Launching Executing clean in C__WS_AppMovil_Alumno_Servicio_rest_Alumno] INFO  o.eclipse.m2e.core.internal.Bundles - 	Entry: C:\Users\PC\Downloads\sts-4.25.0.RELEASE\plugins\org.eclipse.m2e.maven.runtime_3.9.900.20240824-1409\jars\maven-resolver-util-1.9.22.jar
2024-10-23 15:37:29,206 [Worker-67: Launching Executing clean in C__WS_AppMovil_Alumno_Servicio_rest_Alumno] INFO  o.eclipse.m2e.core.internal.Bundles - 	Entry: C:\Users\PC\Downloads\sts-4.25.0.RELEASE\plugins\org.eclipse.m2e.maven.runtime_3.9.900.20240824-1409\jars\maven-settings-3.9.9.jar
2024-10-23 15:37:29,206 [Worker-67: Launching Executing clean in C__WS_AppMovil_Alumno_Servicio_rest_Alumno] INFO  o.eclipse.m2e.core.internal.Bundles - 	Entry: C:\Users\PC\Downloads\sts-4.25.0.RELEASE\plugins\org.eclipse.m2e.maven.runtime_3.9.900.20240824-1409\jars\maven-settings-builder-3.9.9.jar
2024-10-23 15:37:29,206 [Worker-67: Launching Executing clean in C__WS_AppMovil_Alumno_Servicio_rest_Alumno] INFO  o.eclipse.m2e.core.internal.Bundles - 	Entry: C:\Users\PC\Downloads\sts-4.25.0.RELEASE\plugins\org.eclipse.m2e.maven.runtime_3.9.900.20240824-1409\jars\maven-shared-utils-3.4.2.jar
2024-10-23 15:37:29,207 [Worker-67: Launching Executing clean in C__WS_AppMovil_Alumno_Servicio_rest_Alumno] INFO  o.eclipse.m2e.core.internal.Bundles - 	Entry: C:\Users\PC\Downloads\sts-4.25.0.RELEASE\plugins\org.eclipse.m2e.maven.runtime_3.9.900.20240824-1409\jars\org.eclipse.sisu.inject-0.9.0.M3.jar
2024-10-23 15:37:29,207 [Worker-67: Launching Executing clean in C__WS_AppMovil_Alumno_Servicio_rest_Alumno] INFO  o.eclipse.m2e.core.internal.Bundles - 	Entry: C:\Users\PC\Downloads\sts-4.25.0.RELEASE\plugins\org.eclipse.m2e.maven.runtime_3.9.900.20240824-1409\jars\org.eclipse.sisu.plexus-0.9.0.M3.jar
2024-10-23 15:37:29,207 [Worker-67: Launching Executing clean in C__WS_AppMovil_Alumno_Servicio_rest_Alumno] INFO  o.eclipse.m2e.core.internal.Bundles - 	Entry: C:\Users\PC\Downloads\sts-4.25.0.RELEASE\plugins\org.eclipse.m2e.maven.runtime_3.9.900.20240824-1409\jars\plexus-build-api-0.0.7.jar
2024-10-23 15:37:29,208 [Worker-67: Launching Executing clean in C__WS_AppMovil_Alumno_Servicio_rest_Alumno] INFO  o.eclipse.m2e.core.internal.Bundles - 	Entry: C:\Users\PC\Downloads\sts-4.25.0.RELEASE\plugins\org.eclipse.m2e.maven.runtime_3.9.900.20240824-1409\jars\plexus-build-api-1.2.0.jar
2024-10-23 15:37:29,208 [Worker-67: Launching Executing clean in C__WS_AppMovil_Alumno_Servicio_rest_Alumno] INFO  o.eclipse.m2e.core.internal.Bundles - 	Entry: C:\Users\PC\Downloads\sts-4.25.0.RELEASE\plugins\org.eclipse.m2e.maven.runtime_3.9.900.20240824-1409\jars\plexus-cipher-2.0.jar
2024-10-23 15:37:29,208 [Worker-67: Launching Executing clean in C__WS_AppMovil_Alumno_Servicio_rest_Alumno] INFO  o.eclipse.m2e.core.internal.Bundles - 	Entry: C:\Users\PC\Downloads\sts-4.25.0.RELEASE\plugins\org.eclipse.m2e.maven.runtime_3.9.900.20240824-1409\jars\plexus-classworlds-2.8.0.jar
2024-10-23 15:37:29,208 [Worker-67: Launching Executing clean in C__WS_AppMovil_Alumno_Servicio_rest_Alumno] INFO  o.eclipse.m2e.core.internal.Bundles - 	Entry: C:\Users\PC\Downloads\sts-4.25.0.RELEASE\plugins\org.eclipse.m2e.maven.runtime_3.9.900.20240824-1409\jars\plexus-component-annotations-2.1.0.jar
2024-10-23 15:37:29,209 [Worker-67: Launching Executing clean in C__WS_AppMovil_Alumno_Servicio_rest_Alumno] INFO  o.eclipse.m2e.core.internal.Bundles - 	Entry: C:\Users\PC\Downloads\sts-4.25.0.RELEASE\plugins\org.eclipse.m2e.maven.runtime_3.9.900.20240824-1409\jars\plexus-interpolation-1.27.jar
2024-10-23 15:37:29,209 [Worker-67: Launching Executing clean in C__WS_AppMovil_Alumno_Servicio_rest_Alumno] INFO  o.eclipse.m2e.core.internal.Bundles - 	Entry: C:\Users\PC\Downloads\sts-4.25.0.RELEASE\plugins\org.eclipse.m2e.maven.runtime_3.9.900.20240824-1409\jars\plexus-sec-dispatcher-2.0.jar
2024-10-23 15:37:29,209 [Worker-67: Launching Executing clean in C__WS_AppMovil_Alumno_Servicio_rest_Alumno] INFO  o.eclipse.m2e.core.internal.Bundles - 	Entry: C:\Users\PC\Downloads\sts-4.25.0.RELEASE\plugins\org.eclipse.m2e.maven.runtime_3.9.900.20240824-1409\jars\plexus-utils-3.5.1.jar
2024-10-23 15:37:29,209 [Worker-67: Launching Executing clean in C__WS_AppMovil_Alumno_Servicio_rest_Alumno] INFO  o.eclipse.m2e.core.internal.Bundles - 	Entry: C:\Users\PC\Downloads\sts-4.25.0.RELEASE\plugins\org.eclipse.m2e.maven.runtime_3.9.900.20240824-1409\jars\plexus-xml-3.0.1.jar
2024-10-23 15:37:29,210 [Worker-67: Launching Executing clean in C__WS_AppMovil_Alumno_Servicio_rest_Alumno] INFO  o.eclipse.m2e.core.internal.Bundles - 	Entry: C:\Users\PC\Downloads\sts-4.25.0.RELEASE\plugins\org.eclipse.m2e.maven.runtime_3.9.900.20240824-1409\jars\wagon-file-3.5.3.jar
2024-10-23 15:37:29,210 [Worker-67: Launching Executing clean in C__WS_AppMovil_Alumno_Servicio_rest_Alumno] INFO  o.eclipse.m2e.core.internal.Bundles - 	Entry: C:\Users\PC\Downloads\sts-4.25.0.RELEASE\plugins\org.eclipse.m2e.maven.runtime_3.9.900.20240824-1409\jars\wagon-http-3.5.3.jar
2024-10-23 15:37:29,210 [Worker-67: Launching Executing clean in C__WS_AppMovil_Alumno_Servicio_rest_Alumno] INFO  o.eclipse.m2e.core.internal.Bundles - 	Entry: C:\Users\PC\Downloads\sts-4.25.0.RELEASE\plugins\org.eclipse.m2e.maven.runtime_3.9.900.20240824-1409\jars\wagon-http-shared-3.5.3.jar
2024-10-23 15:37:29,210 [Worker-67: Launching Executing clean in C__WS_AppMovil_Alumno_Servicio_rest_Alumno] INFO  o.eclipse.m2e.core.internal.Bundles - 	Entry: C:\Users\PC\Downloads\sts-4.25.0.RELEASE\plugins\org.eclipse.m2e.maven.runtime_3.9.900.20240824-1409\jars\wagon-provider-api-3.5.3.jar
2024-10-23 15:37:29,211 [Worker-67: Launching Executing clean in C__WS_AppMovil_Alumno_Servicio_rest_Alumno] INFO  o.eclipse.m2e.core.internal.Bundles - getClasspathEntries(Bundle=com.google.guava_33.3.0.jre [29])
2024-10-23 15:37:29,212 [Worker-67: Launching Executing clean in C__WS_AppMovil_Alumno_Servicio_rest_Alumno] INFO  o.eclipse.m2e.core.internal.Bundles - 	Entry: C:\Users\PC\Downloads\sts-4.25.0.RELEASE\plugins\com.google.guava_33.3.0.jre.jar
2024-10-23 15:37:29,212 [Worker-67: Launching Executing clean in C__WS_AppMovil_Alumno_Servicio_rest_Alumno] INFO  o.eclipse.m2e.core.internal.Bundles - getClasspathEntries(Bundle=slf4j.api_2.0.16 [592])
2024-10-23 15:37:29,213 [Worker-67: Launching Executing clean in C__WS_AppMovil_Alumno_Servicio_rest_Alumno] INFO  o.eclipse.m2e.core.internal.Bundles - 	Entry: C:\Users\PC\Downloads\sts-4.25.0.RELEASE\plugins\slf4j.api_2.0.16.jar
2024-10-23 15:37:29,213 [Worker-67: Launching Executing clean in C__WS_AppMovil_Alumno_Servicio_rest_Alumno] INFO  o.eclipse.m2e.core.internal.Bundles - getClasspathEntries(Bundle=javax.inject_1.0.0.v20220405-0441 [600])
2024-10-23 15:37:29,214 [Worker-67: Launching Executing clean in C__WS_AppMovil_Alumno_Servicio_rest_Alumno] INFO  o.eclipse.m2e.core.internal.Bundles - 	Entry: C:\Users\PC\Downloads\sts-4.25.0.RELEASE\plugins\javax.inject_1.0.0.v20220405-0441.jar
2024-10-23 15:37:29,214 [Worker-67: Launching Executing clean in C__WS_AppMovil_Alumno_Servicio_rest_Alumno] INFO  o.eclipse.m2e.core.internal.Bundles - getClasspathEntries(Bundle=javax.annotation_1.3.5.v20230504-0748 [599])
2024-10-23 15:37:29,215 [Worker-67: Launching Executing clean in C__WS_AppMovil_Alumno_Servicio_rest_Alumno] INFO  o.eclipse.m2e.core.internal.Bundles - 	Entry: C:\Users\PC\Downloads\sts-4.25.0.RELEASE\plugins\javax.annotation_1.3.5.v20230504-0748.jar
2024-10-23 15:37:29,215 [Worker-67: Launching Executing clean in C__WS_AppMovil_Alumno_Servicio_rest_Alumno] INFO  o.eclipse.m2e.core.internal.Bundles - getClasspathEntries(Bundle=org.apache.commons.cli_1.9.0 [77])
2024-10-23 15:37:29,215 [Worker-67: Launching Executing clean in C__WS_AppMovil_Alumno_Servicio_rest_Alumno] INFO  o.eclipse.m2e.core.internal.Bundles - 	Entry: C:\Users\PC\Downloads\sts-4.25.0.RELEASE\plugins\org.apache.commons.cli_1.9.0.jar
2024-10-23 15:37:29,215 [Worker-67: Launching Executing clean in C__WS_AppMovil_Alumno_Servicio_rest_Alumno] INFO  o.eclipse.m2e.core.internal.Bundles - getClasspathEntries(Bundle=org.apache.commons.commons-codec_1.16.0 [80])
2024-10-23 15:37:29,216 [Worker-67: Launching Executing clean in C__WS_AppMovil_Alumno_Servicio_rest_Alumno] INFO  o.eclipse.m2e.core.internal.Bundles - 	Entry: C:\Users\PC\Downloads\sts-4.25.0.RELEASE\plugins\org.apache.commons.commons-codec_1.16.0.jar
2024-10-23 15:37:29,216 [Worker-67: Launching Executing clean in C__WS_AppMovil_Alumno_Servicio_rest_Alumno] INFO  o.eclipse.m2e.core.internal.Bundles - getClasspathEntries(Bundle=com.google.guava.failureaccess_1.0.2 [30])
2024-10-23 15:37:29,216 [Worker-67: Launching Executing clean in C__WS_AppMovil_Alumno_Servicio_rest_Alumno] INFO  o.eclipse.m2e.core.internal.Bundles - 	Entry: C:\Users\PC\Downloads\sts-4.25.0.RELEASE\plugins\com.google.guava.failureaccess_1.0.2.jar
2024-10-23 15:37:29,218 [Worker-67: Launching Executing clean in C__WS_AppMovil_Alumno_Servicio_rest_Alumno] INFO  o.e.m.i.launch.MavenLaunchDelegate - Run build in "C:\WS_AppMovil_Alumno\Servicio_rest_Alumno":
2024-10-23 15:37:29,219 [Worker-67: Launching Executing clean in C__WS_AppMovil_Alumno_Servicio_rest_Alumno] INFO  o.e.m.i.launch.MavenLaunchDelegate -  mvn  -Ppom.xml -B -Dstyle.color=always clean
2024-10-23 15:37:33,040 [Worker-71: Building] INFO  o.a.m.s.f.DefaultMavenResourcesFiltering - Copying 1 resource from src\main\resources to target\classes
2024-10-23 15:37:33,042 [Worker-71: Building] INFO  o.a.m.s.f.DefaultMavenResourcesFiltering - Copying 0 resource from src\main\resources to target\classes
2024-10-23 15:37:33,046 [Worker-71: Building] INFO  o.a.m.s.f.DefaultMavenResourcesFiltering - skip non existing resourceDirectory C:\WS_AppMovil_Alumno\Servicio_rest_Alumno\src\test\resources
2024-10-23 15:37:44,627 [Worker-71: Launching Executing install in C__WS_AppMovil_Alumno_Servicio_rest_Alumno] INFO  o.eclipse.m2e.core.internal.Bundles - getClasspathEntries(Bundle=org.eclipse.m2e.maven.runtime_3.9.900.20240824-1409 [359])
2024-10-23 15:37:44,627 [Worker-71: Launching Executing install in C__WS_AppMovil_Alumno_Servicio_rest_Alumno] INFO  o.eclipse.m2e.core.internal.Bundles - 	Entry: C:\Users\PC\Downloads\sts-4.25.0.RELEASE\plugins\org.eclipse.m2e.maven.runtime_3.9.900.20240824-1409
2024-10-23 15:37:44,628 [Worker-71: Launching Executing install in C__WS_AppMovil_Alumno_Servicio_rest_Alumno] INFO  o.eclipse.m2e.core.internal.Bundles - 	Entry: C:\Users\PC\Downloads\sts-4.25.0.RELEASE\plugins\org.eclipse.m2e.maven.runtime_3.9.900.20240824-1409\jars\aopalliance-1.0.jar
2024-10-23 15:37:44,628 [Worker-71: Launching Executing install in C__WS_AppMovil_Alumno_Servicio_rest_Alumno] INFO  o.eclipse.m2e.core.internal.Bundles - 	Entry: C:\Users\PC\Downloads\sts-4.25.0.RELEASE\plugins\org.eclipse.m2e.maven.runtime_3.9.900.20240824-1409\jars\guice-5.1.0.jar
2024-10-23 15:37:44,628 [Worker-71: Launching Executing install in C__WS_AppMovil_Alumno_Servicio_rest_Alumno] INFO  o.eclipse.m2e.core.internal.Bundles - 	Entry: C:\Users\PC\Downloads\sts-4.25.0.RELEASE\plugins\org.eclipse.m2e.maven.runtime_3.9.900.20240824-1409\jars\httpclient-4.5.14.jar
2024-10-23 15:37:44,629 [Worker-71: Launching Executing install in C__WS_AppMovil_Alumno_Servicio_rest_Alumno] INFO  o.eclipse.m2e.core.internal.Bundles - 	Entry: C:\Users\PC\Downloads\sts-4.25.0.RELEASE\plugins\org.eclipse.m2e.maven.runtime_3.9.900.20240824-1409\jars\httpcore-4.4.16.jar
2024-10-23 15:37:44,629 [Worker-71: Launching Executing install in C__WS_AppMovil_Alumno_Servicio_rest_Alumno] INFO  o.eclipse.m2e.core.internal.Bundles - 	Entry: C:\Users\PC\Downloads\sts-4.25.0.RELEASE\plugins\org.eclipse.m2e.maven.runtime_3.9.900.20240824-1409\jars\jansi-2.4.1.jar
2024-10-23 15:37:44,629 [Worker-71: Launching Executing install in C__WS_AppMovil_Alumno_Servicio_rest_Alumno] INFO  o.eclipse.m2e.core.internal.Bundles - 	Entry: C:\Users\PC\Downloads\sts-4.25.0.RELEASE\plugins\org.eclipse.m2e.maven.runtime_3.9.900.20240824-1409\jars\jcl-over-slf4j-1.7.36.jar
2024-10-23 15:37:44,630 [Worker-71: Launching Executing install in C__WS_AppMovil_Alumno_Servicio_rest_Alumno] INFO  o.eclipse.m2e.core.internal.Bundles - 	Entry: C:\Users\PC\Downloads\sts-4.25.0.RELEASE\plugins\org.eclipse.m2e.maven.runtime_3.9.900.20240824-1409\jars\maven-artifact-3.9.9.jar
2024-10-23 15:37:44,630 [Worker-71: Launching Executing install in C__WS_AppMovil_Alumno_Servicio_rest_Alumno] INFO  o.eclipse.m2e.core.internal.Bundles - 	Entry: C:\Users\PC\Downloads\sts-4.25.0.RELEASE\plugins\org.eclipse.m2e.maven.runtime_3.9.900.20240824-1409\jars\maven-builder-support-3.9.9.jar
2024-10-23 15:37:44,630 [Worker-71: Launching Executing install in C__WS_AppMovil_Alumno_Servicio_rest_Alumno] INFO  o.eclipse.m2e.core.internal.Bundles - 	Entry: C:\Users\PC\Downloads\sts-4.25.0.RELEASE\plugins\org.eclipse.m2e.maven.runtime_3.9.900.20240824-1409\jars\maven-compat-3.9.9.jar
2024-10-23 15:37:44,631 [Worker-71: Launching Executing install in C__WS_AppMovil_Alumno_Servicio_rest_Alumno] INFO  o.eclipse.m2e.core.internal.Bundles - 	Entry: C:\Users\PC\Downloads\sts-4.25.0.RELEASE\plugins\org.eclipse.m2e.maven.runtime_3.9.900.20240824-1409\jars\maven-core-3.9.9.jar
2024-10-23 15:37:44,631 [Worker-71: Launching Executing install in C__WS_AppMovil_Alumno_Servicio_rest_Alumno] INFO  o.eclipse.m2e.core.internal.Bundles - 	Entry: C:\Users\PC\Downloads\sts-4.25.0.RELEASE\plugins\org.eclipse.m2e.maven.runtime_3.9.900.20240824-1409\jars\maven-embedder-3.9.9.jar
2024-10-23 15:37:44,631 [Worker-71: Launching Executing install in C__WS_AppMovil_Alumno_Servicio_rest_Alumno] INFO  o.eclipse.m2e.core.internal.Bundles - 	Entry: C:\Users\PC\Downloads\sts-4.25.0.RELEASE\plugins\org.eclipse.m2e.maven.runtime_3.9.900.20240824-1409\jars\maven-model-3.9.9.jar
2024-10-23 15:37:44,631 [Worker-71: Launching Executing install in C__WS_AppMovil_Alumno_Servicio_rest_Alumno] INFO  o.eclipse.m2e.core.internal.Bundles - 	Entry: C:\Users\PC\Downloads\sts-4.25.0.RELEASE\plugins\org.eclipse.m2e.maven.runtime_3.9.900.20240824-1409\jars\maven-model-builder-3.9.9.jar
2024-10-23 15:37:44,632 [Worker-71: Launching Executing install in C__WS_AppMovil_Alumno_Servicio_rest_Alumno] INFO  o.eclipse.m2e.core.internal.Bundles - 	Entry: C:\Users\PC\Downloads\sts-4.25.0.RELEASE\plugins\org.eclipse.m2e.maven.runtime_3.9.900.20240824-1409\jars\maven-plugin-api-3.9.9.jar
2024-10-23 15:37:44,632 [Worker-71: Launching Executing install in C__WS_AppMovil_Alumno_Servicio_rest_Alumno] INFO  o.eclipse.m2e.core.internal.Bundles - 	Entry: C:\Users\PC\Downloads\sts-4.25.0.RELEASE\plugins\org.eclipse.m2e.maven.runtime_3.9.900.20240824-1409\jars\maven-repository-metadata-3.9.9.jar
2024-10-23 15:37:44,632 [Worker-71: Launching Executing install in C__WS_AppMovil_Alumno_Servicio_rest_Alumno] INFO  o.eclipse.m2e.core.internal.Bundles - 	Entry: C:\Users\PC\Downloads\sts-4.25.0.RELEASE\plugins\org.eclipse.m2e.maven.runtime_3.9.900.20240824-1409\jars\maven-resolver-api-1.9.22.jar
2024-10-23 15:37:44,633 [Worker-71: Launching Executing install in C__WS_AppMovil_Alumno_Servicio_rest_Alumno] INFO  o.eclipse.m2e.core.internal.Bundles - 	Entry: C:\Users\PC\Downloads\sts-4.25.0.RELEASE\plugins\org.eclipse.m2e.maven.runtime_3.9.900.20240824-1409\jars\maven-resolver-connector-basic-1.9.22.jar
2024-10-23 15:37:44,633 [Worker-71: Launching Executing install in C__WS_AppMovil_Alumno_Servicio_rest_Alumno] INFO  o.eclipse.m2e.core.internal.Bundles - 	Entry: C:\Users\PC\Downloads\sts-4.25.0.RELEASE\plugins\org.eclipse.m2e.maven.runtime_3.9.900.20240824-1409\jars\maven-resolver-impl-1.9.22.jar
2024-10-23 15:37:44,633 [Worker-71: Launching Executing install in C__WS_AppMovil_Alumno_Servicio_rest_Alumno] INFO  o.eclipse.m2e.core.internal.Bundles - 	Entry: C:\Users\PC\Downloads\sts-4.25.0.RELEASE\plugins\org.eclipse.m2e.maven.runtime_3.9.900.20240824-1409\jars\maven-resolver-named-locks-1.9.22.jar
2024-10-23 15:37:44,634 [Worker-71: Launching Executing install in C__WS_AppMovil_Alumno_Servicio_rest_Alumno] INFO  o.eclipse.m2e.core.internal.Bundles - 	Entry: C:\Users\PC\Downloads\sts-4.25.0.RELEASE\plugins\org.eclipse.m2e.maven.runtime_3.9.900.20240824-1409\jars\maven-resolver-provider-3.9.9.jar
2024-10-23 15:37:44,634 [Worker-71: Launching Executing install in C__WS_AppMovil_Alumno_Servicio_rest_Alumno] INFO  o.eclipse.m2e.core.internal.Bundles - 	Entry: C:\Users\PC\Downloads\sts-4.25.0.RELEASE\plugins\org.eclipse.m2e.maven.runtime_3.9.900.20240824-1409\jars\maven-resolver-spi-1.9.22.jar
2024-10-23 15:37:44,634 [Worker-71: Launching Executing install in C__WS_AppMovil_Alumno_Servicio_rest_Alumno] INFO  o.eclipse.m2e.core.internal.Bundles - 	Entry: C:\Users\PC\Downloads\sts-4.25.0.RELEASE\plugins\org.eclipse.m2e.maven.runtime_3.9.900.20240824-1409\jars\maven-resolver-transport-file-1.9.22.jar
2024-10-23 15:37:44,634 [Worker-71: Launching Executing install in C__WS_AppMovil_Alumno_Servicio_rest_Alumno] INFO  o.eclipse.m2e.core.internal.Bundles - 	Entry: C:\Users\PC\Downloads\sts-4.25.0.RELEASE\plugins\org.eclipse.m2e.maven.runtime_3.9.900.20240824-1409\jars\maven-resolver-transport-http-1.9.22.jar
2024-10-23 15:37:44,635 [Worker-71: Launching Executing install in C__WS_AppMovil_Alumno_Servicio_rest_Alumno] INFO  o.eclipse.m2e.core.internal.Bundles - 	Entry: C:\Users\PC\Downloads\sts-4.25.0.RELEASE\plugins\org.eclipse.m2e.maven.runtime_3.9.900.20240824-1409\jars\maven-resolver-transport-wagon-1.9.22.jar
2024-10-23 15:37:44,635 [Worker-71: Launching Executing install in C__WS_AppMovil_Alumno_Servicio_rest_Alumno] INFO  o.eclipse.m2e.core.internal.Bundles - 	Entry: C:\Users\PC\Downloads\sts-4.25.0.RELEASE\plugins\org.eclipse.m2e.maven.runtime_3.9.900.20240824-1409\jars\maven-resolver-util-1.9.22.jar
2024-10-23 15:37:44,635 [Worker-71: Launching Executing install in C__WS_AppMovil_Alumno_Servicio_rest_Alumno] INFO  o.eclipse.m2e.core.internal.Bundles - 	Entry: C:\Users\PC\Downloads\sts-4.25.0.RELEASE\plugins\org.eclipse.m2e.maven.runtime_3.9.900.20240824-1409\jars\maven-settings-3.9.9.jar
2024-10-23 15:37:44,635 [Worker-71: Launching Executing install in C__WS_AppMovil_Alumno_Servicio_rest_Alumno] INFO  o.eclipse.m2e.core.internal.Bundles - 	Entry: C:\Users\PC\Downloads\sts-4.25.0.RELEASE\plugins\org.eclipse.m2e.maven.runtime_3.9.900.20240824-1409\jars\maven-settings-builder-3.9.9.jar
2024-10-23 15:37:44,636 [Worker-71: Launching Executing install in C__WS_AppMovil_Alumno_Servicio_rest_Alumno] INFO  o.eclipse.m2e.core.internal.Bundles - 	Entry: C:\Users\PC\Downloads\sts-4.25.0.RELEASE\plugins\org.eclipse.m2e.maven.runtime_3.9.900.20240824-1409\jars\maven-shared-utils-3.4.2.jar
2024-10-23 15:37:44,636 [Worker-71: Launching Executing install in C__WS_AppMovil_Alumno_Servicio_rest_Alumno] INFO  o.eclipse.m2e.core.internal.Bundles - 	Entry: C:\Users\PC\Downloads\sts-4.25.0.RELEASE\plugins\org.eclipse.m2e.maven.runtime_3.9.900.20240824-1409\jars\org.eclipse.sisu.inject-0.9.0.M3.jar
2024-10-23 15:37:44,638 [Worker-71: Launching Executing install in C__WS_AppMovil_Alumno_Servicio_rest_Alumno] INFO  o.eclipse.m2e.core.internal.Bundles - 	Entry: C:\Users\PC\Downloads\sts-4.25.0.RELEASE\plugins\org.eclipse.m2e.maven.runtime_3.9.900.20240824-1409\jars\org.eclipse.sisu.plexus-0.9.0.M3.jar
2024-10-23 15:37:44,638 [Worker-71: Launching Executing install in C__WS_AppMovil_Alumno_Servicio_rest_Alumno] INFO  o.eclipse.m2e.core.internal.Bundles - 	Entry: C:\Users\PC\Downloads\sts-4.25.0.RELEASE\plugins\org.eclipse.m2e.maven.runtime_3.9.900.20240824-1409\jars\plexus-build-api-0.0.7.jar
2024-10-23 15:37:44,638 [Worker-71: Launching Executing install in C__WS_AppMovil_Alumno_Servicio_rest_Alumno] INFO  o.eclipse.m2e.core.internal.Bundles - 	Entry: C:\Users\PC\Downloads\sts-4.25.0.RELEASE\plugins\org.eclipse.m2e.maven.runtime_3.9.900.20240824-1409\jars\plexus-build-api-1.2.0.jar
2024-10-23 15:37:44,639 [Worker-71: Launching Executing install in C__WS_AppMovil_Alumno_Servicio_rest_Alumno] INFO  o.eclipse.m2e.core.internal.Bundles - 	Entry: C:\Users\PC\Downloads\sts-4.25.0.RELEASE\plugins\org.eclipse.m2e.maven.runtime_3.9.900.20240824-1409\jars\plexus-cipher-2.0.jar
2024-10-23 15:37:44,639 [Worker-71: Launching Executing install in C__WS_AppMovil_Alumno_Servicio_rest_Alumno] INFO  o.eclipse.m2e.core.internal.Bundles - 	Entry: C:\Users\PC\Downloads\sts-4.25.0.RELEASE\plugins\org.eclipse.m2e.maven.runtime_3.9.900.20240824-1409\jars\plexus-classworlds-2.8.0.jar
2024-10-23 15:37:44,639 [Worker-71: Launching Executing install in C__WS_AppMovil_Alumno_Servicio_rest_Alumno] INFO  o.eclipse.m2e.core.internal.Bundles - 	Entry: C:\Users\PC\Downloads\sts-4.25.0.RELEASE\plugins\org.eclipse.m2e.maven.runtime_3.9.900.20240824-1409\jars\plexus-component-annotations-2.1.0.jar
2024-10-23 15:37:44,639 [Worker-71: Launching Executing install in C__WS_AppMovil_Alumno_Servicio_rest_Alumno] INFO  o.eclipse.m2e.core.internal.Bundles - 	Entry: C:\Users\PC\Downloads\sts-4.25.0.RELEASE\plugins\org.eclipse.m2e.maven.runtime_3.9.900.20240824-1409\jars\plexus-interpolation-1.27.jar
2024-10-23 15:37:44,640 [Worker-71: Launching Executing install in C__WS_AppMovil_Alumno_Servicio_rest_Alumno] INFO  o.eclipse.m2e.core.internal.Bundles - 	Entry: C:\Users\PC\Downloads\sts-4.25.0.RELEASE\plugins\org.eclipse.m2e.maven.runtime_3.9.900.20240824-1409\jars\plexus-sec-dispatcher-2.0.jar
2024-10-23 15:37:44,640 [Worker-71: Launching Executing install in C__WS_AppMovil_Alumno_Servicio_rest_Alumno] INFO  o.eclipse.m2e.core.internal.Bundles - 	Entry: C:\Users\PC\Downloads\sts-4.25.0.RELEASE\plugins\org.eclipse.m2e.maven.runtime_3.9.900.20240824-1409\jars\plexus-utils-3.5.1.jar
2024-10-23 15:37:44,640 [Worker-71: Launching Executing install in C__WS_AppMovil_Alumno_Servicio_rest_Alumno] INFO  o.eclipse.m2e.core.internal.Bundles - 	Entry: C:\Users\PC\Downloads\sts-4.25.0.RELEASE\plugins\org.eclipse.m2e.maven.runtime_3.9.900.20240824-1409\jars\plexus-xml-3.0.1.jar
2024-10-23 15:37:44,640 [Worker-71: Launching Executing install in C__WS_AppMovil_Alumno_Servicio_rest_Alumno] INFO  o.eclipse.m2e.core.internal.Bundles - 	Entry: C:\Users\PC\Downloads\sts-4.25.0.RELEASE\plugins\org.eclipse.m2e.maven.runtime_3.9.900.20240824-1409\jars\wagon-file-3.5.3.jar
2024-10-23 15:37:44,641 [Worker-71: Launching Executing install in C__WS_AppMovil_Alumno_Servicio_rest_Alumno] INFO  o.eclipse.m2e.core.internal.Bundles - 	Entry: C:\Users\PC\Downloads\sts-4.25.0.RELEASE\plugins\org.eclipse.m2e.maven.runtime_3.9.900.20240824-1409\jars\wagon-http-3.5.3.jar
2024-10-23 15:37:44,641 [Worker-71: Launching Executing install in C__WS_AppMovil_Alumno_Servicio_rest_Alumno] INFO  o.eclipse.m2e.core.internal.Bundles - 	Entry: C:\Users\PC\Downloads\sts-4.25.0.RELEASE\plugins\org.eclipse.m2e.maven.runtime_3.9.900.20240824-1409\jars\wagon-http-shared-3.5.3.jar
2024-10-23 15:37:44,641 [Worker-71: Launching Executing install in C__WS_AppMovil_Alumno_Servicio_rest_Alumno] INFO  o.eclipse.m2e.core.internal.Bundles - 	Entry: C:\Users\PC\Downloads\sts-4.25.0.RELEASE\plugins\org.eclipse.m2e.maven.runtime_3.9.900.20240824-1409\jars\wagon-provider-api-3.5.3.jar
2024-10-23 15:37:44,641 [Worker-71: Launching Executing install in C__WS_AppMovil_Alumno_Servicio_rest_Alumno] INFO  o.eclipse.m2e.core.internal.Bundles - getClasspathEntries(Bundle=com.google.guava_33.3.0.jre [29])
2024-10-23 15:37:44,642 [Worker-71: Launching Executing install in C__WS_AppMovil_Alumno_Servicio_rest_Alumno] INFO  o.eclipse.m2e.core.internal.Bundles - 	Entry: C:\Users\PC\Downloads\sts-4.25.0.RELEASE\plugins\com.google.guava_33.3.0.jre.jar
2024-10-23 15:37:44,642 [Worker-71: Launching Executing install in C__WS_AppMovil_Alumno_Servicio_rest_Alumno] INFO  o.eclipse.m2e.core.internal.Bundles - getClasspathEntries(Bundle=slf4j.api_2.0.16 [592])
2024-10-23 15:37:44,642 [Worker-71: Launching Executing install in C__WS_AppMovil_Alumno_Servicio_rest_Alumno] INFO  o.eclipse.m2e.core.internal.Bundles - 	Entry: C:\Users\PC\Downloads\sts-4.25.0.RELEASE\plugins\slf4j.api_2.0.16.jar
2024-10-23 15:37:44,643 [Worker-71: Launching Executing install in C__WS_AppMovil_Alumno_Servicio_rest_Alumno] INFO  o.eclipse.m2e.core.internal.Bundles - getClasspathEntries(Bundle=javax.inject_1.0.0.v20220405-0441 [600])
2024-10-23 15:37:44,643 [Worker-71: Launching Executing install in C__WS_AppMovil_Alumno_Servicio_rest_Alumno] INFO  o.eclipse.m2e.core.internal.Bundles - 	Entry: C:\Users\PC\Downloads\sts-4.25.0.RELEASE\plugins\javax.inject_1.0.0.v20220405-0441.jar
2024-10-23 15:37:44,643 [Worker-71: Launching Executing install in C__WS_AppMovil_Alumno_Servicio_rest_Alumno] INFO  o.eclipse.m2e.core.internal.Bundles - getClasspathEntries(Bundle=javax.annotation_1.3.5.v20230504-0748 [599])
2024-10-23 15:37:44,644 [Worker-71: Launching Executing install in C__WS_AppMovil_Alumno_Servicio_rest_Alumno] INFO  o.eclipse.m2e.core.internal.Bundles - 	Entry: C:\Users\PC\Downloads\sts-4.25.0.RELEASE\plugins\javax.annotation_1.3.5.v20230504-0748.jar
2024-10-23 15:37:44,644 [Worker-71: Launching Executing install in C__WS_AppMovil_Alumno_Servicio_rest_Alumno] INFO  o.eclipse.m2e.core.internal.Bundles - getClasspathEntries(Bundle=org.apache.commons.cli_1.9.0 [77])
2024-10-23 15:37:44,644 [Worker-71: Launching Executing install in C__WS_AppMovil_Alumno_Servicio_rest_Alumno] INFO  o.eclipse.m2e.core.internal.Bundles - 	Entry: C:\Users\PC\Downloads\sts-4.25.0.RELEASE\plugins\org.apache.commons.cli_1.9.0.jar
2024-10-23 15:37:44,645 [Worker-71: Launching Executing install in C__WS_AppMovil_Alumno_Servicio_rest_Alumno] INFO  o.eclipse.m2e.core.internal.Bundles - getClasspathEntries(Bundle=org.apache.commons.commons-codec_1.16.0 [80])
2024-10-23 15:37:44,645 [Worker-71: Launching Executing install in C__WS_AppMovil_Alumno_Servicio_rest_Alumno] INFO  o.eclipse.m2e.core.internal.Bundles - 	Entry: C:\Users\PC\Downloads\sts-4.25.0.RELEASE\plugins\org.apache.commons.commons-codec_1.16.0.jar
2024-10-23 15:37:44,645 [Worker-71: Launching Executing install in C__WS_AppMovil_Alumno_Servicio_rest_Alumno] INFO  o.eclipse.m2e.core.internal.Bundles - getClasspathEntries(Bundle=com.google.guava.failureaccess_1.0.2 [30])
2024-10-23 15:37:44,646 [Worker-71: Launching Executing install in C__WS_AppMovil_Alumno_Servicio_rest_Alumno] INFO  o.eclipse.m2e.core.internal.Bundles - 	Entry: C:\Users\PC\Downloads\sts-4.25.0.RELEASE\plugins\com.google.guava.failureaccess_1.0.2.jar
2024-10-23 15:37:44,648 [Worker-71: Launching Executing install in C__WS_AppMovil_Alumno_Servicio_rest_Alumno] INFO  o.e.m.i.launch.MavenLaunchDelegate - Run build in "C:\WS_AppMovil_Alumno\Servicio_rest_Alumno":
2024-10-23 15:37:44,648 [Worker-71: Launching Executing install in C__WS_AppMovil_Alumno_Servicio_rest_Alumno] INFO  o.e.m.i.launch.MavenLaunchDelegate -  mvn  -Ppom.xml -B -Dstyle.color=always install
2024-10-23 21:53:56,615 [Worker-0: Loading available Gradle versions] INFO  o.e.b.c.i.u.g.PublishedGradleVersions - Gradle version information cache is up-to-date. Trying to read.
2024-10-24 20:58:55,756 [Worker-0: Loading available Gradle versions] INFO  o.e.b.c.i.u.g.PublishedGradleVersions - Gradle version information cache is out-of-date. Trying to update.
